\BOOKMARK [0][-]{chapter.1}{1 Introduction: Nanoparticles in medicine and biology}{}% 1
\BOOKMARK [1][-]{section.1.1}{1.1 What are nanoparticles?}{chapter.1}% 2
\BOOKMARK [1][-]{section.1.2}{1.2 Nanoparticles in general are used in nanomedicine \(principally\) and cosmetics}{chapter.1}% 3
\BOOKMARK [1][-]{section.1.3}{1.3 Characterization: Why size \(size distribution, density\) is important?}{chapter.1}% 4
\BOOKMARK [1][-]{section.1.4}{1.4 Dimensional nanometrology and traceability}{chapter.1}% 5
\BOOKMARK [1][-]{section.1.5}{1.5 SAXS is a good tool: small internal electron density differences}{chapter.1}% 6
\BOOKMARK [1][-]{section.1.6}{1.6 advantadges to other characterization tools}{chapter.1}% 7
\BOOKMARK [1][-]{section.1.7}{1.7 contrast variation is even better, but takes too long and extra uncertainties arise}{chapter.1}% 8
\BOOKMARK [1][-]{section.1.8}{1.8 density gradient technique: tunable and large datasets}{chapter.1}% 9
\BOOKMARK [1][-]{section.1.9}{1.9 polymeric particles: why important?}{chapter.1}% 10
\BOOKMARK [1][-]{section.1.10}{1.10 polymeric: extensively used in SAXS and contrast variation, also SANS because deuteration}{chapter.1}% 11
\BOOKMARK [1][-]{section.1.11}{1.11 polymeric: good application because of phase separation in polymerization}{chapter.1}% 12
\BOOKMARK [1][-]{section.1.12}{1.12 bio materials: important why?}{chapter.1}% 13
\BOOKMARK [1][-]{section.1.13}{1.13 liposomal nanocarriers: what are they and why important? How are they characterized?}{chapter.1}% 14
\BOOKMARK [1][-]{section.1.14}{1.14 liposomes: SAXS characterization, literature}{chapter.1}% 15
\BOOKMARK [1][-]{section.1.15}{1.15 liposomes: effects of PEG, cholesterol content, long discussion}{chapter.1}% 16
\BOOKMARK [1][-]{section.1.16}{1.16 liposomal nanocarrier: SAXS characterization, literature, micellesm other bio-drugs}{chapter.1}% 17
\BOOKMARK [1][-]{section.1.17}{1.17 structure of the thesis}{chapter.1}% 18
\BOOKMARK [0][-]{chapter.2}{2 Summary and outlook}{}% 19
\BOOKMARK [1][-]{section.2.1}{2.1 chap4}{chapter.2}% 20
\BOOKMARK [1][-]{section.2.2}{2.2 chap5}{chapter.2}% 21
\BOOKMARK [1][-]{section.2.3}{2.3 chap6}{chapter.2}% 22
