This is pdfTeX, Version 3.1415926-2.5-1.40.14 (TeX Live 2013/TeX Live for SUSE Linux) (format=pdflatex 2015.3.4)  16 SEP 2016 16:37
entering extended mode
 restricted \write18 enabled.
 %&-line parsing enabled.
**main
(./main.tex
LaTeX2e <2011/06/27>
Babel <3.9f> and hyphenation patterns for 78 languages loaded.
(/usr/share/texmf/tex/latex/base/report.cls
Document Class: report 2007/10/19 v1.4h Standard LaTeX document class
(/usr/share/texmf/tex/latex/base/size12.clo
File: size12.clo 2007/10/19 v1.4h Standard LaTeX file (size option)
)
\c@part=\count79
\c@chapter=\count80
\c@section=\count81
\c@subsection=\count82
\c@subsubsection=\count83
\c@paragraph=\count84
\c@subparagraph=\count85
\c@figure=\count86
\c@table=\count87
\abovecaptionskip=\skip41
\belowcaptionskip=\skip42
\bibindent=\dimen102
)
(/usr/share/texmf/tex/latex/natbib/natbib.sty
Package: natbib 2010/09/13 8.31b (PWD, AO)
\bibhang=\skip43
\bibsep=\skip44
LaTeX Info: Redefining \cite on input line 694.
\c@NAT@ctr=\count88
)
(/usr/share/texmf/tex/latex/float/float.sty
Package: float 2001/11/08 v1.3d Float enhancements (AL)
\c@float@type=\count89
\float@exts=\toks14
\float@box=\box26
\@float@everytoks=\toks15
\@floatcapt=\box27
)
(/usr/share/texmf/tex/latex/amsmath/amsmath.sty
Package: amsmath 2013/01/14 v2.14 AMS math features
\@mathmargin=\skip45

For additional information on amsmath, use the `?' option.
(/usr/share/texmf/tex/latex/amsmath/amstext.sty
Package: amstext 2000/06/29 v2.01

(/usr/share/texmf/tex/latex/amsmath/amsgen.sty
File: amsgen.sty 1999/11/30 v2.0
\@emptytoks=\toks16
\ex@=\dimen103
))
(/usr/share/texmf/tex/latex/amsmath/amsbsy.sty
Package: amsbsy 1999/11/29 v1.2d
\pmbraise@=\dimen104
)
(/usr/share/texmf/tex/latex/amsmath/amsopn.sty
Package: amsopn 1999/12/14 v2.01 operator names
)
\inf@bad=\count90
LaTeX Info: Redefining \frac on input line 210.
\uproot@=\count91
\leftroot@=\count92
LaTeX Info: Redefining \overline on input line 306.
\classnum@=\count93
\DOTSCASE@=\count94
LaTeX Info: Redefining \ldots on input line 378.
LaTeX Info: Redefining \dots on input line 381.
LaTeX Info: Redefining \cdots on input line 466.
\Mathstrutbox@=\box28
\strutbox@=\box29
\big@size=\dimen105
LaTeX Font Info:    Redeclaring font encoding OML on input line 566.
LaTeX Font Info:    Redeclaring font encoding OMS on input line 567.
\macc@depth=\count95
\c@MaxMatrixCols=\count96
\dotsspace@=\muskip10
\c@parentequation=\count97
\dspbrk@lvl=\count98
\tag@help=\toks17
\row@=\count99
\column@=\count100
\maxfields@=\count101
\andhelp@=\toks18
\eqnshift@=\dimen106
\alignsep@=\dimen107
\tagshift@=\dimen108
\tagwidth@=\dimen109
\totwidth@=\dimen110
\lineht@=\dimen111
\@envbody=\toks19
\multlinegap=\skip46
\multlinetaggap=\skip47
\mathdisplay@stack=\toks20
LaTeX Info: Redefining \[ on input line 2665.
LaTeX Info: Redefining \] on input line 2666.
)
(/usr/share/texmf/tex/latex/hyperref/hyperref.sty
Package: hyperref 2012/11/06 v6.83m Hypertext links for LaTeX

(/usr/share/texmf/tex/generic/oberdiek/hobsub-hyperref.sty
Package: hobsub-hyperref 2012/05/28 v1.13 Bundle oberdiek, subset hyperref (HO)


(/usr/share/texmf/tex/generic/oberdiek/hobsub-generic.sty
Package: hobsub-generic 2012/05/28 v1.13 Bundle oberdiek, subset generic (HO)
Package: hobsub 2012/05/28 v1.13 Construct package bundles (HO)
Package: infwarerr 2010/04/08 v1.3 Providing info/warning/error messages (HO)
Package: ltxcmds 2011/11/09 v1.22 LaTeX kernel commands for general use (HO)
Package: ifluatex 2010/03/01 v1.3 Provides the ifluatex switch (HO)
Package ifluatex Info: LuaTeX not detected.
Package: ifvtex 2010/03/01 v1.5 Detect VTeX and its facilities (HO)
Package ifvtex Info: VTeX not detected.
Package: intcalc 2007/09/27 v1.1 Expandable calculations with integers (HO)
Package: ifpdf 2011/01/30 v2.3 Provides the ifpdf switch (HO)
Package ifpdf Info: pdfTeX in PDF mode is detected.
Package: etexcmds 2011/02/16 v1.5 Avoid name clashes with e-TeX commands (HO)
Package etexcmds Info: Could not find \expanded.
(etexcmds)             That can mean that you are not using pdfTeX 1.50 or
(etexcmds)             that some package has redefined \expanded.
(etexcmds)             In the latter case, load this package earlier.
Package: kvsetkeys 2012/04/25 v1.16 Key value parser (HO)
Package: kvdefinekeys 2011/04/07 v1.3 Define keys (HO)
Package: pdftexcmds 2011/11/29 v0.20 Utility functions of pdfTeX for LuaTeX (HO
)
Package pdftexcmds Info: LuaTeX not detected.
Package pdftexcmds Info: \pdf@primitive is available.
Package pdftexcmds Info: \pdf@ifprimitive is available.
Package pdftexcmds Info: \pdfdraftmode found.
Package: pdfescape 2011/11/25 v1.13 Implements pdfTeX's escape features (HO)
Package: bigintcalc 2012/04/08 v1.3 Expandable calculations on big integers (HO
)
Package: bitset 2011/01/30 v1.1 Handle bit-vector datatype (HO)
Package: uniquecounter 2011/01/30 v1.2 Provide unlimited unique counter (HO)
)
Package hobsub Info: Skipping package `hobsub' (already loaded).
Package: letltxmacro 2010/09/02 v1.4 Let assignment for LaTeX macros (HO)
Package: hopatch 2012/05/28 v1.2 Wrapper for package hooks (HO)
Package: xcolor-patch 2011/01/30 xcolor patch
Package: atveryend 2011/06/30 v1.8 Hooks at the very end of document (HO)
Package atveryend Info: \enddocument detected (standard20110627).
Package: atbegshi 2011/10/05 v1.16 At begin shipout hook (HO)
Package: refcount 2011/10/16 v3.4 Data extraction from label references (HO)
Package: hycolor 2011/01/30 v1.7 Color options for hyperref/bookmark (HO)
)
(/usr/share/texmf/tex/latex/graphics/keyval.sty
Package: keyval 1999/03/16 v1.13 key=value parser (DPC)
\KV@toks@=\toks21
)
(/usr/share/texmf/tex/generic/ifxetex/ifxetex.sty
Package: ifxetex 2010/09/12 v0.6 Provides ifxetex conditional
)
(/usr/share/texmf/tex/latex/oberdiek/auxhook.sty
Package: auxhook 2011/03/04 v1.3 Hooks for auxiliary files (HO)
)
(/usr/share/texmf/tex/latex/oberdiek/kvoptions.sty
Package: kvoptions 2011/06/30 v3.11 Key value format for package options (HO)
)
\@linkdim=\dimen112
\Hy@linkcounter=\count102
\Hy@pagecounter=\count103

(/usr/share/texmf/tex/latex/hyperref/pd1enc.def
File: pd1enc.def 2012/11/06 v6.83m Hyperref: PDFDocEncoding definition (HO)
)
\Hy@SavedSpaceFactor=\count104

(/usr/share/texmf/tex/latex/latexconfig/hyperref.cfg
File: hyperref.cfg 2002/06/06 v1.2 hyperref configuration of TeXLive
)
Package hyperref Info: Hyper figures OFF on input line 4443.
Package hyperref Info: Link nesting OFF on input line 4448.
Package hyperref Info: Hyper index ON on input line 4451.
Package hyperref Info: Plain pages OFF on input line 4458.
Package hyperref Info: Backreferencing OFF on input line 4463.
Package hyperref Info: Implicit mode ON; LaTeX internals redefined.
Package hyperref Info: Bookmarks ON on input line 4688.
\c@Hy@tempcnt=\count105

(/usr/share/texmf/tex/latex/url/url.sty
\Urlmuskip=\muskip11
Package: url 2006/04/12  ver 3.3  Verb mode for urls, etc.
)
LaTeX Info: Redefining \url on input line 5041.
\XeTeXLinkMargin=\dimen113
\Fld@menulength=\count106
\Field@Width=\dimen114
\Fld@charsize=\dimen115
Package hyperref Info: Hyper figures OFF on input line 6295.
Package hyperref Info: Link nesting OFF on input line 6300.
Package hyperref Info: Hyper index ON on input line 6303.
Package hyperref Info: backreferencing OFF on input line 6310.
Package hyperref Info: Link coloring OFF on input line 6315.
Package hyperref Info: Link coloring with OCG OFF on input line 6320.
Package hyperref Info: PDF/A mode OFF on input line 6325.
LaTeX Info: Redefining \ref on input line 6365.
LaTeX Info: Redefining \pageref on input line 6369.
\Hy@abspage=\count107
\c@Item=\count108
\c@Hfootnote=\count109
)

Package hyperref Message: Driver (autodetected): hpdftex.

(/usr/share/texmf/tex/latex/hyperref/hpdftex.def
File: hpdftex.def 2012/11/06 v6.83m Hyperref driver for pdfTeX
\Fld@listcount=\count110
\c@bookmark@seq@number=\count111

(/usr/share/texmf/tex/latex/oberdiek/rerunfilecheck.sty
Package: rerunfilecheck 2011/04/15 v1.7 Rerun checks for auxiliary files (HO)
Package uniquecounter Info: New unique counter `rerunfilecheck' on input line 2
82.
)
\Hy@SectionHShift=\skip48
)
(/usr/share/texmf/tex/latex/l3packages/xfrac/xfrac.sty
(/usr/share/texmf/tex/latex/graphics/graphicx.sty
Package: graphicx 1999/02/16 v1.0f Enhanced LaTeX Graphics (DPC,SPQR)

(/usr/share/texmf/tex/latex/graphics/graphics.sty
Package: graphics 2009/02/05 v1.0o Standard LaTeX Graphics (DPC,SPQR)

(/usr/share/texmf/tex/latex/graphics/trig.sty
Package: trig 1999/03/16 v1.09 sin cos tan (DPC)
)
(/usr/share/texmf/tex/latex/latexconfig/graphics.cfg
File: graphics.cfg 2010/04/23 v1.9 graphics configuration of TeX Live
)
Package graphics Info: Driver file: pdftex.def on input line 91.

(/usr/share/texmf/tex/latex/pdftex-def/pdftex.def
File: pdftex.def 2011/05/27 v0.06d Graphics/color for pdfTeX
\Gread@gobject=\count112
))
\Gin@req@height=\dimen116
\Gin@req@width=\dimen117
)
(/usr/share/texmf/tex/latex/l3packages/l3keys2e/l3keys2e.sty
(/usr/share/texmf/tex/latex/l3kernel/expl3.sty
(/usr/share/texmf/tex/latex/l3kernel/l3names.sty
(/usr/share/texmf/tex/latex/l3kernel/l3bootstrap.sty
Package: l3bootstrap 2013/01/08 v4420 L3 Experimental bootstrap code
)
Package: l3names 2012/12/07 v4346 L3 Namespace for primitives
)
(/usr/share/texmf/tex/latex/etex-pkg/etex.sty
Package: etex 1998/03/26 v2.0 eTeX basic definition package (PEB)
\et@xins=\count113
)
Package: expl3 2013/03/14 v4469 L3 Experimental code bundle wrapper

(/usr/share/texmf/tex/latex/l3kernel/l3basics.sty
Package: l3basics 2013/01/10 v4428 L3 Basic definitions
)
(/usr/share/texmf/tex/latex/l3kernel/l3expan.sty
Package: l3expan 2013/02/03 v4458 L3 Argument expansion
)
(/usr/share/texmf/tex/latex/l3kernel/l3tl.sty
Package: l3tl 2013/01/08 v4415 L3 Token lists
)
(/usr/share/texmf/tex/latex/l3kernel/l3seq.sty
Package: l3seq 2013/01/12 v4434 L3 Sequences and stacks
)
(/usr/share/texmf/tex/latex/l3kernel/l3int.sty
Package: l3int 2013/01/13 v4444 L3 Integers
\c_max_int=\count114
\l_tmpa_int=\count115
\l_tmpb_int=\count116
\g_tmpa_int=\count117
\g_tmpb_int=\count118
)
(/usr/share/texmf/tex/latex/l3kernel/l3quark.sty
Package: l3quark 2012/11/04 v4268 L3 Quarks
)
(/usr/share/texmf/tex/latex/l3kernel/l3prg.sty
Package: l3prg 2013/02/13 v4459 L3 Control structures
\g__prg_map_int=\count119
)
(/usr/share/texmf/tex/latex/l3kernel/l3clist.sty
Package: l3clist 2013/01/08 v4414 L3 Comma separated lists
)
(/usr/share/texmf/tex/latex/l3kernel/l3token.sty
Package: l3token 2013/01/10 v4428 L3 Experimental token manipulation
)
(/usr/share/texmf/tex/latex/l3kernel/l3prop.sty
Package: l3prop 2013/01/09 v4423 L3 Property lists
)
(/usr/share/texmf/tex/latex/l3kernel/l3msg.sty
Package: l3msg 2013/01/08 v4412 L3 Messages
)
(/usr/share/texmf/tex/latex/l3kernel/l3file.sty
Package: l3file 2013/01/14 v4446 L3 File and I/O operations
\l_iow_line_count_int=\count120
\l__iow_target_count_int=\count121
\l__iow_current_line_int=\count122
\l__iow_current_word_int=\count123
\l__iow_current_indentation_int=\count124
)
(/usr/share/texmf/tex/latex/l3kernel/l3skip.sty
Package: l3skip 2013/01/13 v4444 L3 Dimensions and skips
\c_zero_dim=\dimen118
\c_max_dim=\dimen119
\l_tmpa_dim=\dimen120
\l_tmpb_dim=\dimen121
\g_tmpa_dim=\dimen122
\g_tmpb_dim=\dimen123
\c_zero_skip=\skip49
\c_max_skip=\skip50
\l_tmpa_skip=\skip51
\l_tmpb_skip=\skip52
\g_tmpa_skip=\skip53
\g_tmpb_skip=\skip54
\c_zero_muskip=\muskip12
\c_max_muskip=\muskip13
\l_tmpa_muskip=\muskip14
\l_tmpb_muskip=\muskip15
\g_tmpa_muskip=\muskip16
\g_tmpb_muskip=\muskip17
)
(/usr/share/texmf/tex/latex/l3kernel/l3keys.sty
Package: l3keys 2013/02/24 v4461 L3 Experimental key-value interfaces
\g__keyval_level_int=\count125
\l_keys_choice_int=\count126
)
(/usr/share/texmf/tex/latex/l3kernel/l3fp.sty
Package: l3fp 2013/01/19 v4449 L3 Floating points
\c__fp_leading_shift_int=\count127
\c__fp_middle_shift_int=\count128
\c__fp_trailing_shift_int=\count129
\c__fp_big_leading_shift_int=\count130
\c__fp_big_middle_shift_int=\count131
\c__fp_big_trailing_shift_int=\count132
\c__fp_Bigg_leading_shift_int=\count133
\c__fp_Bigg_middle_shift_int=\count134
\c__fp_Bigg_trailing_shift_int=\count135
)
(/usr/share/texmf/tex/latex/l3kernel/l3box.sty
Package: l3box 2013/01/08 v4411 L3 Experimental boxes
\c_empty_box=\box30
\l_tmpa_box=\box31
\l_tmpb_box=\box32
\g_tmpa_box=\box33
\g_tmpb_box=\box34
)
(/usr/share/texmf/tex/latex/l3kernel/l3coffins.sty
Package: l3coffins 2012/09/09 v4212 L3 Coffin code layer
\l__coffin_internal_box=\box35
\l__coffin_internal_dim=\dimen124
\l__coffin_offset_x_dim=\dimen125
\l__coffin_offset_y_dim=\dimen126
\l__coffin_x_dim=\dimen127
\l__coffin_y_dim=\dimen128
\l__coffin_x_prime_dim=\dimen129
\l__coffin_y_prime_dim=\dimen130
\c_empty_coffin=\box36
\l__coffin_aligned_coffin=\box37
\l__coffin_aligned_internal_coffin=\box38
\l_tmpa_coffin=\box39
\l_tmpb_coffin=\box40
\l__coffin_display_coffin=\box41
\l__coffin_display_coord_coffin=\box42
\l__coffin_display_pole_coffin=\box43
\l__coffin_display_offset_dim=\dimen131
\l__coffin_display_x_dim=\dimen132
\l__coffin_display_y_dim=\dimen133
)
(/usr/share/texmf/tex/latex/l3kernel/l3color.sty
Package: l3color 2012/08/29 v4156 L3 Experimental color support
)
(/usr/share/texmf/tex/latex/l3kernel/l3luatex.sty
Package: l3luatex 2012/08/03 v4049 L3 Experimental LuaTeX-specific functions
\g__cctab_allocate_int=\count136
\g__cctab_stack_int=\count137
)
(/usr/share/texmf/tex/latex/l3kernel/l3candidates.sty
Package: l3candidates 2013/03/14 v4468 L3 Experimental additions to l3kernel
\l__box_top_dim=\dimen134
\l__box_bottom_dim=\dimen135
\l__box_left_dim=\dimen136
\l__box_right_dim=\dimen137
\l__box_top_new_dim=\dimen138
\l__box_bottom_new_dim=\dimen139
\l__box_left_new_dim=\dimen140
\l__box_right_new_dim=\dimen141
\l__box_internal_box=\box44
\l__coffin_bounding_shift_dim=\dimen142
\l__coffin_left_corner_dim=\dimen143
\l__coffin_right_corner_dim=\dimen144
\l__coffin_bottom_corner_dim=\dimen145
\l__coffin_top_corner_dim=\dimen146
\l__coffin_scaled_total_height_dim=\dimen147
\l__coffin_scaled_width_dim=\dimen148
))
Package: l3keys2e 2013/03/12 v4467 LaTeX2e option processing using LaTeX3 keys
)
(/usr/share/texmf/tex/latex/base/textcomp.sty
Package: textcomp 2005/09/27 v1.99g Standard LaTeX package
Package textcomp Info: Sub-encoding information:
(textcomp)               5 = only ISO-Adobe without \textcurrency
(textcomp)               4 = 5 + \texteuro
(textcomp)               3 = 4 + \textohm
(textcomp)               2 = 3 + \textestimated + \textcurrency
(textcomp)               1 = TS1 - \textcircled - \t
(textcomp)               0 = TS1 (full)
(textcomp)             Font families with sub-encoding setting implement
(textcomp)             only a restricted character set as indicated.
(textcomp)             Family '?' is the default used for unknown fonts.
(textcomp)             See the documentation for details.
Package textcomp Info: Setting ? sub-encoding to TS1/1 on input line 71.

(/usr/share/texmf/tex/latex/base/ts1enc.def
File: ts1enc.def 2001/06/05 v3.0e (jk/car/fm) Standard LaTeX file
)
LaTeX Info: Redefining \oldstylenums on input line 266.
Package textcomp Info: Setting cmr sub-encoding to TS1/0 on input line 281.
Package textcomp Info: Setting cmss sub-encoding to TS1/0 on input line 282.
Package textcomp Info: Setting cmtt sub-encoding to TS1/0 on input line 283.
Package textcomp Info: Setting cmvtt sub-encoding to TS1/0 on input line 284.
Package textcomp Info: Setting cmbr sub-encoding to TS1/0 on input line 285.
Package textcomp Info: Setting cmtl sub-encoding to TS1/0 on input line 286.
Package textcomp Info: Setting ccr sub-encoding to TS1/0 on input line 287.
Package textcomp Info: Setting ptm sub-encoding to TS1/4 on input line 288.
Package textcomp Info: Setting pcr sub-encoding to TS1/4 on input line 289.
Package textcomp Info: Setting phv sub-encoding to TS1/4 on input line 290.
Package textcomp Info: Setting ppl sub-encoding to TS1/3 on input line 291.
Package textcomp Info: Setting pag sub-encoding to TS1/4 on input line 292.
Package textcomp Info: Setting pbk sub-encoding to TS1/4 on input line 293.
Package textcomp Info: Setting pnc sub-encoding to TS1/4 on input line 294.
Package textcomp Info: Setting pzc sub-encoding to TS1/4 on input line 295.
Package textcomp Info: Setting bch sub-encoding to TS1/4 on input line 296.
Package textcomp Info: Setting put sub-encoding to TS1/5 on input line 297.
Package textcomp Info: Setting uag sub-encoding to TS1/5 on input line 298.
Package textcomp Info: Setting ugq sub-encoding to TS1/5 on input line 299.
Package textcomp Info: Setting ul8 sub-encoding to TS1/4 on input line 300.
Package textcomp Info: Setting ul9 sub-encoding to TS1/4 on input line 301.
Package textcomp Info: Setting augie sub-encoding to TS1/5 on input line 302.
Package textcomp Info: Setting dayrom sub-encoding to TS1/3 on input line 303.
Package textcomp Info: Setting dayroms sub-encoding to TS1/3 on input line 304.

Package textcomp Info: Setting pxr sub-encoding to TS1/0 on input line 305.
Package textcomp Info: Setting pxss sub-encoding to TS1/0 on input line 306.
Package textcomp Info: Setting pxtt sub-encoding to TS1/0 on input line 307.
Package textcomp Info: Setting txr sub-encoding to TS1/0 on input line 308.
Package textcomp Info: Setting txss sub-encoding to TS1/0 on input line 309.
Package textcomp Info: Setting txtt sub-encoding to TS1/0 on input line 310.
Package textcomp Info: Setting lmr sub-encoding to TS1/0 on input line 311.
Package textcomp Info: Setting lmdh sub-encoding to TS1/0 on input line 312.
Package textcomp Info: Setting lmss sub-encoding to TS1/0 on input line 313.
Package textcomp Info: Setting lmssq sub-encoding to TS1/0 on input line 314.
Package textcomp Info: Setting lmvtt sub-encoding to TS1/0 on input line 315.
Package textcomp Info: Setting qhv sub-encoding to TS1/0 on input line 316.
Package textcomp Info: Setting qag sub-encoding to TS1/0 on input line 317.
Package textcomp Info: Setting qbk sub-encoding to TS1/0 on input line 318.
Package textcomp Info: Setting qcr sub-encoding to TS1/0 on input line 319.
Package textcomp Info: Setting qcs sub-encoding to TS1/0 on input line 320.
Package textcomp Info: Setting qpl sub-encoding to TS1/0 on input line 321.
Package textcomp Info: Setting qtm sub-encoding to TS1/0 on input line 322.
Package textcomp Info: Setting qzc sub-encoding to TS1/0 on input line 323.
Package textcomp Info: Setting qhvc sub-encoding to TS1/0 on input line 324.
Package textcomp Info: Setting futs sub-encoding to TS1/4 on input line 325.
Package textcomp Info: Setting futx sub-encoding to TS1/4 on input line 326.
Package textcomp Info: Setting futj sub-encoding to TS1/4 on input line 327.
Package textcomp Info: Setting hlh sub-encoding to TS1/3 on input line 328.
Package textcomp Info: Setting hls sub-encoding to TS1/3 on input line 329.
Package textcomp Info: Setting hlst sub-encoding to TS1/3 on input line 330.
Package textcomp Info: Setting hlct sub-encoding to TS1/5 on input line 331.
Package textcomp Info: Setting hlx sub-encoding to TS1/5 on input line 332.
Package textcomp Info: Setting hlce sub-encoding to TS1/5 on input line 333.
Package textcomp Info: Setting hlcn sub-encoding to TS1/5 on input line 334.
Package textcomp Info: Setting hlcw sub-encoding to TS1/5 on input line 335.
Package textcomp Info: Setting hlcf sub-encoding to TS1/5 on input line 336.
Package textcomp Info: Setting pplx sub-encoding to TS1/3 on input line 337.
Package textcomp Info: Setting pplj sub-encoding to TS1/3 on input line 338.
Package textcomp Info: Setting ptmx sub-encoding to TS1/4 on input line 339.
Package textcomp Info: Setting ptmj sub-encoding to TS1/4 on input line 340.
)
(/usr/share/texmf/tex/latex/l3packages/xparse/xparse.sty
Package: xparse 2013/03/12 v4467 L3 Experimental document command parser
\l__xparse_current_arg_int=\count138
\l__xparse_m_args_int=\count139
\l__xparse_mandatory_args_int=\count140
\l__xparse_processor_int=\count141
\l__xparse_v_nesting_int=\count142
)
(/usr/share/texmf/tex/latex/l3packages/xtemplate/xtemplate.sty
Package: xtemplate 2013/03/12 v4467 L3 Experimental prototype document function
s
\l__xtemplate_tmp_dim=\dimen149
\l__xtemplate_tmp_int=\count143
\l__xtemplate_tmp_muskip=\muskip18
\l__xtemplate_tmp_skip=\skip55
Variant \prop_get:NoNTF already defined; not changing it on line 106
Variant \prop_get:NoNT already defined; not changing it on line 107
Variant \prop_get:NoNF already defined; not changing it on line 108
)
Package: xfrac 2012/11/09 v4299 L3 Experimental split-level fractions
\l__xfrac_slash_box=\box45
\l__xfrac_tmp_box=\box46
\l__xfrac_denominator_bot_sep_dim=\dimen150
\l__xfrac_numerator_bot_sep_dim=\dimen151
\l__xfrac_numerator_top_sep_dim=\dimen152
\l__xfrac_slash_left_sep_dim=\dimen153
\l__xfrac_slash_right_sep_dim=\dimen154
\l__xfrac_slash_left_muskip=\muskip19
\l__xfrac_slash_right_muskip=\muskip20
.................................................
. xtemplate info: "declare-object-type"
. 
. Declaring object type 'xfrac' taking 3 argument(s) on line 96.
.................................................
.................................................
. LaTeX info: "xparse/define-command"
. 
. Defining document command \sfrac with arg. spec. 'omom' on line 436.
.................................................
)
(/usr/share/texmf/tex/latex/commath/commath.sty
(/usr/share/texmf/tex/latex/base/ifthen.sty
Package: ifthen 2001/05/26 v1.1c Standard LaTeX ifthen package (DPC)
))
(/usr/share/texmf/tex/latex/psnfss/mathpazo.sty
Package: mathpazo 2005/04/12 PSNFSS-v9.2a Palatino w/ Pazo Math (D.Puga, WaS) 
\symupright=\mathgroup4
)
(/usr/share/texmf/tex/latex/base/inputenc.sty
Package: inputenc 2008/03/30 v1.1d Input encoding file
\inpenc@prehook=\toks22
\inpenc@posthook=\toks23

(/usr/share/texmf/tex/latex/base/utf8.def
File: utf8.def 2008/04/05 v1.1m UTF-8 support for inputenc
Now handling font encoding OML ...
... no UTF-8 mapping file for font encoding OML
Now handling font encoding T1 ...
... processing UTF-8 mapping file for font encoding T1

(/usr/share/texmf/tex/latex/base/t1enc.dfu
File: t1enc.dfu 2008/04/05 v1.1m UTF-8 support for inputenc
   defining Unicode char U+00A1 (decimal 161)
   defining Unicode char U+00A3 (decimal 163)
   defining Unicode char U+00AB (decimal 171)
   defining Unicode char U+00BB (decimal 187)
   defining Unicode char U+00BF (decimal 191)
   defining Unicode char U+00C0 (decimal 192)
   defining Unicode char U+00C1 (decimal 193)
   defining Unicode char U+00C2 (decimal 194)
   defining Unicode char U+00C3 (decimal 195)
   defining Unicode char U+00C4 (decimal 196)
   defining Unicode char U+00C5 (decimal 197)
   defining Unicode char U+00C6 (decimal 198)
   defining Unicode char U+00C7 (decimal 199)
   defining Unicode char U+00C8 (decimal 200)
   defining Unicode char U+00C9 (decimal 201)
   defining Unicode char U+00CA (decimal 202)
   defining Unicode char U+00CB (decimal 203)
   defining Unicode char U+00CC (decimal 204)
   defining Unicode char U+00CD (decimal 205)
   defining Unicode char U+00CE (decimal 206)
   defining Unicode char U+00CF (decimal 207)
   defining Unicode char U+00D0 (decimal 208)
   defining Unicode char U+00D1 (decimal 209)
   defining Unicode char U+00D2 (decimal 210)
   defining Unicode char U+00D3 (decimal 211)
   defining Unicode char U+00D4 (decimal 212)
   defining Unicode char U+00D5 (decimal 213)
   defining Unicode char U+00D6 (decimal 214)
   defining Unicode char U+00D8 (decimal 216)
   defining Unicode char U+00D9 (decimal 217)
   defining Unicode char U+00DA (decimal 218)
   defining Unicode char U+00DB (decimal 219)
   defining Unicode char U+00DC (decimal 220)
   defining Unicode char U+00DD (decimal 221)
   defining Unicode char U+00DE (decimal 222)
   defining Unicode char U+00DF (decimal 223)
   defining Unicode char U+00E0 (decimal 224)
   defining Unicode char U+00E1 (decimal 225)
   defining Unicode char U+00E2 (decimal 226)
   defining Unicode char U+00E3 (decimal 227)
   defining Unicode char U+00E4 (decimal 228)
   defining Unicode char U+00E5 (decimal 229)
   defining Unicode char U+00E6 (decimal 230)
   defining Unicode char U+00E7 (decimal 231)
   defining Unicode char U+00E8 (decimal 232)
   defining Unicode char U+00E9 (decimal 233)
   defining Unicode char U+00EA (decimal 234)
   defining Unicode char U+00EB (decimal 235)
   defining Unicode char U+00EC (decimal 236)
   defining Unicode char U+00ED (decimal 237)
   defining Unicode char U+00EE (decimal 238)
   defining Unicode char U+00EF (decimal 239)
   defining Unicode char U+00F0 (decimal 240)
   defining Unicode char U+00F1 (decimal 241)
   defining Unicode char U+00F2 (decimal 242)
   defining Unicode char U+00F3 (decimal 243)
   defining Unicode char U+00F4 (decimal 244)
   defining Unicode char U+00F5 (decimal 245)
   defining Unicode char U+00F6 (decimal 246)
   defining Unicode char U+00F8 (decimal 248)
   defining Unicode char U+00F9 (decimal 249)
   defining Unicode char U+00FA (decimal 250)
   defining Unicode char U+00FB (decimal 251)
   defining Unicode char U+00FC (decimal 252)
   defining Unicode char U+00FD (decimal 253)
   defining Unicode char U+00FE (decimal 254)
   defining Unicode char U+00FF (decimal 255)
   defining Unicode char U+0102 (decimal 258)
   defining Unicode char U+0103 (decimal 259)
   defining Unicode char U+0104 (decimal 260)
   defining Unicode char U+0105 (decimal 261)
   defining Unicode char U+0106 (decimal 262)
   defining Unicode char U+0107 (decimal 263)
   defining Unicode char U+010C (decimal 268)
   defining Unicode char U+010D (decimal 269)
   defining Unicode char U+010E (decimal 270)
   defining Unicode char U+010F (decimal 271)
   defining Unicode char U+0110 (decimal 272)
   defining Unicode char U+0111 (decimal 273)
   defining Unicode char U+0118 (decimal 280)
   defining Unicode char U+0119 (decimal 281)
   defining Unicode char U+011A (decimal 282)
   defining Unicode char U+011B (decimal 283)
   defining Unicode char U+011E (decimal 286)
   defining Unicode char U+011F (decimal 287)
   defining Unicode char U+0130 (decimal 304)
   defining Unicode char U+0131 (decimal 305)
   defining Unicode char U+0132 (decimal 306)
   defining Unicode char U+0133 (decimal 307)
   defining Unicode char U+0139 (decimal 313)
   defining Unicode char U+013A (decimal 314)
   defining Unicode char U+013D (decimal 317)
   defining Unicode char U+013E (decimal 318)
   defining Unicode char U+0141 (decimal 321)
   defining Unicode char U+0142 (decimal 322)
   defining Unicode char U+0143 (decimal 323)
   defining Unicode char U+0144 (decimal 324)
   defining Unicode char U+0147 (decimal 327)
   defining Unicode char U+0148 (decimal 328)
   defining Unicode char U+014A (decimal 330)
   defining Unicode char U+014B (decimal 331)
   defining Unicode char U+0150 (decimal 336)
   defining Unicode char U+0151 (decimal 337)
   defining Unicode char U+0152 (decimal 338)
   defining Unicode char U+0153 (decimal 339)
   defining Unicode char U+0154 (decimal 340)
   defining Unicode char U+0155 (decimal 341)
   defining Unicode char U+0158 (decimal 344)
   defining Unicode char U+0159 (decimal 345)
   defining Unicode char U+015A (decimal 346)
   defining Unicode char U+015B (decimal 347)
   defining Unicode char U+015E (decimal 350)
   defining Unicode char U+015F (decimal 351)
   defining Unicode char U+0160 (decimal 352)
   defining Unicode char U+0161 (decimal 353)
   defining Unicode char U+0162 (decimal 354)
   defining Unicode char U+0163 (decimal 355)
   defining Unicode char U+0164 (decimal 356)
   defining Unicode char U+0165 (decimal 357)
   defining Unicode char U+016E (decimal 366)
   defining Unicode char U+016F (decimal 367)
   defining Unicode char U+0170 (decimal 368)
   defining Unicode char U+0171 (decimal 369)
   defining Unicode char U+0178 (decimal 376)
   defining Unicode char U+0179 (decimal 377)
   defining Unicode char U+017A (decimal 378)
   defining Unicode char U+017B (decimal 379)
   defining Unicode char U+017C (decimal 380)
   defining Unicode char U+017D (decimal 381)
   defining Unicode char U+017E (decimal 382)
   defining Unicode char U+200C (decimal 8204)
   defining Unicode char U+2013 (decimal 8211)
   defining Unicode char U+2014 (decimal 8212)
   defining Unicode char U+2018 (decimal 8216)
   defining Unicode char U+2019 (decimal 8217)
   defining Unicode char U+201A (decimal 8218)
   defining Unicode char U+201C (decimal 8220)
   defining Unicode char U+201D (decimal 8221)
   defining Unicode char U+201E (decimal 8222)
   defining Unicode char U+2030 (decimal 8240)
   defining Unicode char U+2031 (decimal 8241)
   defining Unicode char U+2039 (decimal 8249)
   defining Unicode char U+203A (decimal 8250)
   defining Unicode char U+2423 (decimal 9251)
)
Now handling font encoding OT1 ...
... processing UTF-8 mapping file for font encoding OT1

(/usr/share/texmf/tex/latex/base/ot1enc.dfu
File: ot1enc.dfu 2008/04/05 v1.1m UTF-8 support for inputenc
   defining Unicode char U+00A1 (decimal 161)
   defining Unicode char U+00A3 (decimal 163)
   defining Unicode char U+00B8 (decimal 184)
   defining Unicode char U+00BF (decimal 191)
   defining Unicode char U+00C5 (decimal 197)
   defining Unicode char U+00C6 (decimal 198)
   defining Unicode char U+00D8 (decimal 216)
   defining Unicode char U+00DF (decimal 223)
   defining Unicode char U+00E6 (decimal 230)
   defining Unicode char U+00EC (decimal 236)
   defining Unicode char U+00ED (decimal 237)
   defining Unicode char U+00EE (decimal 238)
   defining Unicode char U+00EF (decimal 239)
   defining Unicode char U+00F8 (decimal 248)
   defining Unicode char U+0131 (decimal 305)
   defining Unicode char U+0141 (decimal 321)
   defining Unicode char U+0142 (decimal 322)
   defining Unicode char U+0152 (decimal 338)
   defining Unicode char U+0153 (decimal 339)
   defining Unicode char U+2013 (decimal 8211)
   defining Unicode char U+2014 (decimal 8212)
   defining Unicode char U+2018 (decimal 8216)
   defining Unicode char U+2019 (decimal 8217)
   defining Unicode char U+201C (decimal 8220)
   defining Unicode char U+201D (decimal 8221)
)
Now handling font encoding OMS ...
... processing UTF-8 mapping file for font encoding OMS

(/usr/share/texmf/tex/latex/base/omsenc.dfu
File: omsenc.dfu 2008/04/05 v1.1m UTF-8 support for inputenc
   defining Unicode char U+00A7 (decimal 167)
   defining Unicode char U+00B6 (decimal 182)
   defining Unicode char U+00B7 (decimal 183)
   defining Unicode char U+2020 (decimal 8224)
   defining Unicode char U+2021 (decimal 8225)
   defining Unicode char U+2022 (decimal 8226)
)
Now handling font encoding OMX ...
... no UTF-8 mapping file for font encoding OMX
Now handling font encoding U ...
... no UTF-8 mapping file for font encoding U
Now handling font encoding PD1 ...
... no UTF-8 mapping file for font encoding PD1
Now handling font encoding TS1 ...
... processing UTF-8 mapping file for font encoding TS1

(/usr/share/texmf/tex/latex/base/ts1enc.dfu
File: ts1enc.dfu 2008/04/05 v1.1m UTF-8 support for inputenc
   defining Unicode char U+00A2 (decimal 162)
   defining Unicode char U+00A3 (decimal 163)
   defining Unicode char U+00A4 (decimal 164)
   defining Unicode char U+00A5 (decimal 165)
   defining Unicode char U+00A6 (decimal 166)
   defining Unicode char U+00A7 (decimal 167)
   defining Unicode char U+00A8 (decimal 168)
   defining Unicode char U+00A9 (decimal 169)
   defining Unicode char U+00AA (decimal 170)
   defining Unicode char U+00AC (decimal 172)
   defining Unicode char U+00AE (decimal 174)
   defining Unicode char U+00AF (decimal 175)
   defining Unicode char U+00B0 (decimal 176)
   defining Unicode char U+00B1 (decimal 177)
   defining Unicode char U+00B2 (decimal 178)
   defining Unicode char U+00B3 (decimal 179)
   defining Unicode char U+00B4 (decimal 180)
   defining Unicode char U+00B5 (decimal 181)
   defining Unicode char U+00B6 (decimal 182)
   defining Unicode char U+00B7 (decimal 183)
   defining Unicode char U+00B9 (decimal 185)
   defining Unicode char U+00BA (decimal 186)
   defining Unicode char U+00BC (decimal 188)
   defining Unicode char U+00BD (decimal 189)
   defining Unicode char U+00BE (decimal 190)
   defining Unicode char U+00D7 (decimal 215)
   defining Unicode char U+00F7 (decimal 247)
   defining Unicode char U+0192 (decimal 402)
   defining Unicode char U+02C7 (decimal 711)
   defining Unicode char U+02D8 (decimal 728)
   defining Unicode char U+02DD (decimal 733)
   defining Unicode char U+0E3F (decimal 3647)
   defining Unicode char U+2016 (decimal 8214)
   defining Unicode char U+2020 (decimal 8224)
   defining Unicode char U+2021 (decimal 8225)
   defining Unicode char U+2022 (decimal 8226)
   defining Unicode char U+2030 (decimal 8240)
   defining Unicode char U+2031 (decimal 8241)
   defining Unicode char U+203B (decimal 8251)
   defining Unicode char U+203D (decimal 8253)
   defining Unicode char U+2044 (decimal 8260)
   defining Unicode char U+204E (decimal 8270)
   defining Unicode char U+2052 (decimal 8274)
   defining Unicode char U+20A1 (decimal 8353)
   defining Unicode char U+20A4 (decimal 8356)
   defining Unicode char U+20A6 (decimal 8358)
   defining Unicode char U+20A9 (decimal 8361)
   defining Unicode char U+20AB (decimal 8363)
   defining Unicode char U+20AC (decimal 8364)
   defining Unicode char U+20B1 (decimal 8369)
   defining Unicode char U+2103 (decimal 8451)
   defining Unicode char U+2116 (decimal 8470)
   defining Unicode char U+2117 (decimal 8471)
   defining Unicode char U+211E (decimal 8478)
   defining Unicode char U+2120 (decimal 8480)
   defining Unicode char U+2122 (decimal 8482)
   defining Unicode char U+2126 (decimal 8486)
   defining Unicode char U+2127 (decimal 8487)
   defining Unicode char U+212E (decimal 8494)
   defining Unicode char U+2190 (decimal 8592)
   defining Unicode char U+2191 (decimal 8593)
   defining Unicode char U+2192 (decimal 8594)
   defining Unicode char U+2193 (decimal 8595)
   defining Unicode char U+2329 (decimal 9001)
   defining Unicode char U+232A (decimal 9002)
   defining Unicode char U+2422 (decimal 9250)
   defining Unicode char U+25E6 (decimal 9702)
   defining Unicode char U+25EF (decimal 9711)
   defining Unicode char U+266A (decimal 9834)
)
   defining Unicode char U+00A9 (decimal 169)
   defining Unicode char U+00AA (decimal 170)
   defining Unicode char U+00AE (decimal 174)
   defining Unicode char U+00BA (decimal 186)
   defining Unicode char U+02C6 (decimal 710)
   defining Unicode char U+02DC (decimal 732)
   defining Unicode char U+200C (decimal 8204)
   defining Unicode char U+2026 (decimal 8230)
   defining Unicode char U+2122 (decimal 8482)
   defining Unicode char U+2423 (decimal 9251)
))
(/usr/share/texmf/tex/latex/wrapfig/wrapfig.sty
\wrapoverhang=\dimen155
\WF@size=\dimen156
\c@WF@wrappedlines=\count144
\WF@box=\box47
\WF@everypar=\toks24
Package: wrapfig 2003/01/31  v 3.6
)
(/usr/share/texmf/tex/latex/subfig/subfig.sty
Package: subfig 2005/06/28 ver: 1.3 subfig package

(/usr/share/texmf/tex/latex/caption/caption.sty
Package: caption 2013/05/02 v3.3-89 Customizing captions (AR)

(/usr/share/texmf/tex/latex/caption/caption3.sty
Package: caption3 2013/05/02 v1.6-88 caption3 kernel (AR)
Package caption3 Info: TeX engine: e-TeX on input line 57.
\captionmargin=\dimen157
\captionmargin@=\dimen158
\captionwidth=\dimen159
\caption@tempdima=\dimen160
\caption@indent=\dimen161
\caption@parindent=\dimen162
\caption@hangindent=\dimen163
)
\c@ContinuedFloat=\count145
Package caption Info: float package is loaded.
Package caption Info: hyperref package is loaded.
Package caption Info: wrapfig package is loaded.
)
\c@KVtest=\count146
\sf@farskip=\skip56
\sf@captopadj=\dimen164
\sf@capskip=\skip57
\sf@nearskip=\skip58
\c@subfigure=\count147
\c@subfigure@save=\count148
\c@lofdepth=\count149
\c@subtable=\count150
\c@subtable@save=\count151
\c@lotdepth=\count152
\sf@top=\skip59
\sf@bottom=\skip60
)
(/usr/share/texmf/tex/latex/geometry/geometry.sty
Package: geometry 2010/09/12 v5.6 Page Geometry
\Gm@cnth=\count153
\Gm@cntv=\count154
\c@Gm@tempcnt=\count155
\Gm@bindingoffset=\dimen165
\Gm@wd@mp=\dimen166
\Gm@odd@mp=\dimen167
\Gm@even@mp=\dimen168
\Gm@layoutwidth=\dimen169
\Gm@layoutheight=\dimen170
\Gm@layouthoffset=\dimen171
\Gm@layoutvoffset=\dimen172
\Gm@dimlist=\toks25
)
(/usr/share/texmf/tex/latex/graphics/color.sty
Package: color 2005/11/14 v1.0j Standard LaTeX Color (DPC)

(/usr/share/texmf/tex/latex/latexconfig/color.cfg
File: color.cfg 2007/01/18 v1.5 color configuration of teTeX/TeXLive
)
Package color Info: Driver file: pdftex.def on input line 130.
) (./main.aux
(./abbreviations.aux) (./symbols.aux) (./chapter_introduction.aux)
(./chapter_theory_SAXS.aux) (./chapter_experimental_setup.aux)
(./chapter_density_gradient_SAXS.aux) (./chapter_simultaneous_size_density.aux)
(./chapter_bio_applications.aux) (./thanksgiving.aux)
(./tub-eidesstattliche.aux))
\openout1 = `main.aux'.

LaTeX Font Info:    Checking defaults for OML/cmm/m/it on input line 57.
LaTeX Font Info:    ... okay on input line 57.
LaTeX Font Info:    Checking defaults for T1/cmr/m/n on input line 57.
LaTeX Font Info:    ... okay on input line 57.
LaTeX Font Info:    Checking defaults for OT1/cmr/m/n on input line 57.
LaTeX Font Info:    ... okay on input line 57.
LaTeX Font Info:    Checking defaults for OMS/cmsy/m/n on input line 57.
LaTeX Font Info:    ... okay on input line 57.
LaTeX Font Info:    Checking defaults for OMX/cmex/m/n on input line 57.
LaTeX Font Info:    ... okay on input line 57.
LaTeX Font Info:    Checking defaults for U/cmr/m/n on input line 57.
LaTeX Font Info:    ... okay on input line 57.
LaTeX Font Info:    Checking defaults for PD1/pdf/m/n on input line 57.
LaTeX Font Info:    ... okay on input line 57.
LaTeX Font Info:    Checking defaults for TS1/cmr/m/n on input line 57.
LaTeX Font Info:    Try loading font information for TS1+cmr on input line 57.
 (/usr/share/texmf/tex/latex/base/ts1cmr.fd
File: ts1cmr.fd 1999/05/25 v2.5h Standard LaTeX font definitions
)
LaTeX Font Info:    ... okay on input line 57.
LaTeX Font Info:    Try loading font information for OT1+ppl on input line 57.

(/usr/share/texmf/tex/latex/psnfss/ot1ppl.fd
File: ot1ppl.fd 2001/06/04 font definitions for OT1/ppl.
)
\AtBeginShipoutBox=\box48
Package hyperref Info: Link coloring OFF on input line 57.

(/usr/share/texmf/tex/latex/hyperref/nameref.sty
Package: nameref 2012/10/27 v2.43 Cross-referencing by name of section

(/usr/share/texmf/tex/generic/oberdiek/gettitlestring.sty
Package: gettitlestring 2010/12/03 v1.4 Cleanup title references (HO)
)
\c@section@level=\count156
)
LaTeX Info: Redefining \ref on input line 57.
LaTeX Info: Redefining \pageref on input line 57.
LaTeX Info: Redefining \nameref on input line 57.
 (./main.out)
(./main.out)
\@outlinefile=\write3
\openout3 = `main.out'.

 (/usr/share/texmf/tex/context/base/supp-pdf.mkii
[Loading MPS to PDF converter (version 2006.09.02).]
\scratchcounter=\count157
\scratchdimen=\dimen173
\scratchbox=\box49
\nofMPsegments=\count158
\nofMParguments=\count159
\everyMPshowfont=\toks26
\MPscratchCnt=\count160
\MPscratchDim=\dimen174
\MPnumerator=\count161
\makeMPintoPDFobject=\count162
\everyMPtoPDFconversion=\toks27
) (/usr/share/texmf/tex/latex/oberdiek/epstopdf-base.sty
Package: epstopdf-base 2010/02/09 v2.5 Base part for package epstopdf

(/usr/share/texmf/tex/latex/oberdiek/grfext.sty
Package: grfext 2010/08/19 v1.1 Manage graphics extensions (HO)
)
Package grfext Info: Graphics extension search list:
(grfext)             [.png,.pdf,.jpg,.mps,.jpeg,.jbig2,.jb2,.PNG,.PDF,.JPG,.JPE
G,.JBIG2,.JB2,.eps]
(grfext)             \AppendGraphicsExtensions on input line 452.

(/usr/share/texmf/tex/latex/latexconfig/epstopdf-sys.cfg
File: epstopdf-sys.cfg 2010/07/13 v1.3 Configuration of (r)epstopdf for TeX Liv
e
))
Package caption Info: Begin \AtBeginDocument code.
Package caption Info: subfig package v1.3 is loaded.
Package caption Info: End \AtBeginDocument code.

*geometry* driver: auto-detecting
*geometry* detected driver: pdftex
*geometry* verbose mode - [ preamble ] result:
* driver: pdftex
* paper: <default>
* layout: <same size as paper>
* layoutoffset:(h,v)=(0.0pt,0.0pt)
* modes: 
* h-part:(L,W,R)=(92.14519pt, 430.00462pt, 92.14519pt)
* v-part:(T,H,B)=(95.39737pt, 556.47656pt, 143.09605pt)
* \paperwidth=614.295pt
* \paperheight=794.96999pt
* \textwidth=430.00462pt
* \textheight=556.47656pt
* \oddsidemargin=19.8752pt
* \evensidemargin=19.8752pt
* \topmargin=-13.87262pt
* \headheight=12.0pt
* \headsep=25.0pt
* \topskip=12.0pt
* \footskip=30.0pt
* \marginparwidth=44.0pt
* \marginparsep=10.0pt
* \columnsep=10.0pt
* \skip\footins=10.8pt plus 4.0pt minus 2.0pt
* \hoffset=0.0pt
* \voffset=0.0pt
* \mag=1000
* \@twocolumnfalse
* \@twosidefalse
* \@mparswitchfalse
* \@reversemarginfalse
* (1in=72.27pt=25.4mm, 1cm=28.453pt)

(./tub-titlepage.tex [1

{/var/lib/texmf/fonts/map/pdftex/updmap/pdftex.map}]
[2]) (./abstract.tex
LaTeX Font Info:    Font shape `OT1/ppl/bx/n' in size <24.88> not available
(Font)              Font shape `OT1/ppl/b/n' tried instead on input line 1.
LaTeX Font Info:    Try loading font information for OML+zplm on input line 5.
 (/usr/share/texmf/tex/latex/psnfss/omlzplm.fd
File: omlzplm.fd 2002/09/08 Fontinst v1.914 font definitions for OML/zplm.
)
LaTeX Font Info:    Try loading font information for OMS+zplm on input line 5.

(/usr/share/texmf/tex/latex/psnfss/omszplm.fd
File: omszplm.fd 2002/09/08 Fontinst v1.914 font definitions for OMS/zplm.
)
LaTeX Font Info:    Try loading font information for OMX+zplm on input line 5.

(/usr/share/texmf/tex/latex/psnfss/omxzplm.fd
File: omxzplm.fd 2002/09/08 Fontinst v1.914 font definitions for OMX/zplm.
)
LaTeX Font Info:    Try loading font information for OT1+zplm on input line 5.

(/usr/share/texmf/tex/latex/psnfss/ot1zplm.fd
File: ot1zplm.fd 2002/09/08 Fontinst v1.914 font definitions for OT1/zplm.
)

LaTeX Warning: Command \textregistered invalid in math mode on input line 5.

LaTeX Font Info:    Try loading font information for TS1+ppl on input line 5.
(/usr/share/texmf/tex/latex/psnfss/ts1ppl.fd
File: ts1ppl.fd 2001/06/04 font definitions for TS1/ppl.
)

LaTeX Warning: Command \textregistered invalid in math mode on input line 5.

Missing character: There is no ® in font pplr7t!

Overfull \hbox (3.23772pt too wide) in paragraph at lines 5--6
\OT1/ppl/m/n/12 em-i-nent po-si-tion, open-ing ex-cit-ing new pos-si-bil-i-ties
 as plat-forms for drug-delivery
 []

LaTeX Font Info:    Font shape `OT1/ppl/bx/n' in size <12> not available
(Font)              Font shape `OT1/ppl/b/n' tried instead on input line 7.

LaTeX Warning: Command \textregistered invalid in math mode on input line 11.


LaTeX Warning: Command \textregistered invalid in math mode on input line 11.

Missing character: There is no ® in font pplr7t!
pdfTeX warning (ext4): destination with the same identifier (name{page.1}) has 
been already used, duplicate ignored
<to be read again> 
                   \relax 
l.14 
      [1


]
LaTeX Font Info:    Font shape `OT1/ppl/bx/n' in size <10> not available
(Font)              Font shape `OT1/ppl/b/n' tried instead on input line 19.
)pdfTeX warning (ext4): destination with the same identifier (name{page.2}) has
 been already used, duplicate ignored
<to be read again> 
                   \relax 
l.68 	\tableofcontents
                       [2] (./main.toc [3

] [4])
\tf@toc=\write4
\openout4 = `main.toc'.

 [5]
\openout2 = `abbreviations.aux'.

 (./abbreviations.tex
LaTeX Font Info:    Font shape `OT1/ppl/bx/n' in size <17.28> not available
(Font)              Font shape `OT1/ppl/b/n' tried instead on input line 1.
)
[6

]
\openout2 = `symbols.aux'.

 (./symbols.tex) [7


]
\openout2 = `chapter_introduction.aux'.

 (./chapter_introduction.tex
Chapter 1.
LaTeX Font Info:    Font shape `OT1/ppl/bx/n' in size <14.4> not available
(Font)              Font shape `OT1/ppl/b/n' tried instead on input line 6.
[8



]
Overfull \hbox (5.7345pt too wide) in paragraph at lines 27--28
\OT1/ppl/m/n/12 The most widely used tech-nique for size de-ter-mi-na-tion in t
he field of nanomedicine
 []

) [9] [10]
\openout2 = `chapter_theory_SAXS.aux'.

 (./chapter_theory_SAXS.tex
Chapter 2.
LaTeX Font Info:    Calculating math sizes for size <8.76114> on input line 17.

[11



] (./Figures/BeerLambertScheme.pdf_tex
<Figures/BeerLambertScheme.pdf, id=491, 766.96468pt x 362.07819pt>
File: Figures/BeerLambertScheme.pdf Graphic file (type pdf)

<use Figures/BeerLambertScheme.pdf>
Package pdftex.def Info: Figures/BeerLambertScheme.pdf used on input line 52.
(pdftex.def)             Requested size: 322.50346pt x 152.2541pt.
) [12 <./Figures/BeerLambertScheme.pdf>]
(./Figures/AttenuationWater.tex
<Figures/AttenuationWater.pdf, id=515, 284.06125pt x 226.8475pt>
File: Figures/AttenuationWater.pdf Graphic file (type pdf)

<use Figures/AttenuationWater.pdf>
Package pdftex.def Info: Figures/AttenuationWater.pdf used on input line 119.
(pdftex.def)             Requested size: 284.06053pt x 226.84694pt.
) [13 <./Figures/AttenuationWater.pdf>]
[14] (./Figures/FraunhoferScheme.pdf_tex
<Figures/FraunhoferScheme.pdf, id=544, 856.33464pt x 321.57019pt>
File: Figures/FraunhoferScheme.pdf Graphic file (type pdf)

<use Figures/FraunhoferScheme.pdf>
Package pdftex.def Info: Figures/FraunhoferScheme.pdf used on input line 52.
(pdftex.def)             Requested size: 322.50346pt x 121.10863pt.
) [15 <./Figures/FraunhoferScheme.pdf>]
[16] [17] [18] [19] [20] [21] (./Figures/ContrastScheme.pdf_tex
<Figures/ContrastScheme.pdf, id=667, 873.18028pt x 374.56122pt>
File: Figures/ContrastScheme.pdf Graphic file (type pdf)

<use Figures/ContrastScheme.pdf>
Package pdftex.def Info: Figures/ContrastScheme.pdf used on input line 52.
(pdftex.def)             Requested size: 873.18025pt x 374.58316pt.
) (./Figures/MatchPointScheme.pdf_tex
<Figures/MatchPointScheme.pdf, id=668, 630.76866pt x 374.56741pt>
File: Figures/MatchPointScheme.pdf Graphic file (type pdf)

<use Figures/MatchPointScheme.pdf>
Package pdftex.def Info: Figures/MatchPointScheme.pdf used on input line 52.
(pdftex.def)             Requested size: 630.76868pt x 374.57219pt.
) [22 <./Figures/ContrastScheme.pdf> <./Figures/MatchPointScheme.pdf

pdfTeX warning: pdflatex (file ./Figures/MatchPointScheme.pdf): PDF inclusion: 
multiple pdfs with page group included in a single page
>] [23] [24] [25]) [26]
\openout2 = `chapter_experimental_setup.aux'.

 (./chapter_experimental_setup.tex
Chapter 3.
[27



] [28]
Overfull \hbox (2.60222pt too wide) in paragraph at lines 40--41
\OT1/ppl/m/n/12 goal of op-ti-miz-ing the in-ser-tion de-vices and, there-fore,
 en-hance the spec-tral bright-
 []

[29] <Figures/BessyScheme.png, id=792, 581.17125pt x 535.2497pt>
File: Figures/BessyScheme.png Graphic file (type png)

<use Figures/BessyScheme.png>
Package pdftex.def Info: Figures/BessyScheme.png used on input line 56.
(pdftex.def)             Requested size: 581.16983pt x 535.24838pt.
 [30 <./Figures/BessyScheme.png>]
Overfull \hbox (4.72675pt too wide) in paragraph at lines 70--71
\OT1/ppl/m/n/12 lab-o-ra-tory at BESSY II ([]Krum-rey[] []1998[]; []Krum-rey & 
Ulm[] []2001[]) pro-vides a monochro-
 []

<Figures/FCMScheme.png, id=811, 341.77687pt x 216.81pt>
File: Figures/FCMScheme.png Graphic file (type png)

<use Figures/FCMScheme.png>
Package pdftex.def Info: Figures/FCMScheme.png used on input line 74.
(pdftex.def)             Requested size: 341.77603pt x 216.80946pt.
 [31 <./Figures/FCMScheme.png>]
(./Figures/FCMBeamlineFlux.tex
<Figures/FCMBeamlineFlux.pdf, id=823, 284.06125pt x 226.8475pt>
File: Figures/FCMBeamlineFlux.pdf Graphic file (type pdf)

<use Figures/FCMBeamlineFlux.pdf>
Package pdftex.def Info: Figures/FCMBeamlineFlux.pdf used on input line 111.
(pdftex.def)             Requested size: 284.06053pt x 226.84694pt.
) [32] [33 <./Figures/FCMBeamlineFlux.pdf>]
[34]

LaTeX Warning: No positions in optional float specifier.
               Default added (so using `tbp') on input line 125.

[35] (./Figures/DistanceCalibrationSAXS.tex
<Figures/DistanceCalibrationSAXS.pdf, id=865, 284.06125pt x 226.8475pt>
File: Figures/DistanceCalibrationSAXS.pdf Graphic file (type pdf)

<use Figures/DistanceCalibrationSAXS.pdf>
Package pdftex.def Info: Figures/DistanceCalibrationSAXS.pdf used on input line
 132.
(pdftex.def)             Requested size: 284.06053pt x 226.84694pt.
)
<Figures/AgBeheSAXSLongDistance_edit.png, id=866, 457.4691pt x 486.3771pt>
File: Figures/AgBeheSAXSLongDistance_edit.png Graphic file (type png)

<use Figures/AgBeheSAXSLongDistance_edit.png>
Package pdftex.def Info: Figures/AgBeheSAXSLongDistance_edit.png used on input 
line 148.
(pdftex.def)             Requested size: 457.46799pt x 486.37592pt.
 [36 <./Figures/DistanceCalibrationSAXS.pdf> <./Figures/AgBeheSAXSLongDistance_
edit.png>]

LaTeX Warning: Command \textregistered invalid in math mode on input line 173.


LaTeX Warning: Command \textregistered invalid in math mode on input line 173.

Missing character: There is no ® in font pplr7t!
[37]
Overfull \hbox (12.8381pt too wide) in paragraph at lines 179--180
\OT1/ppl/m/n/12 The cap-il-lar-ies used for the con-trast vari-a-tion ex-per-i-
ments are vacuum-proof borosil-
 []

(./Figures/HilgenbergHomogeneity.tex
<Figures/HilgenbergHomogeneity.pdf, id=892, 284.06125pt x 226.8475pt>
File: Figures/HilgenbergHomogeneity.pdf Graphic file (type pdf)

<use Figures/HilgenbergHomogeneity.pdf>
Package pdftex.def Info: Figures/HilgenbergHomogeneity.pdf used on input line 1
12.
(pdftex.def)             Requested size: 284.06053pt x 226.84694pt.
) (./Figures/WaterHomogeneity.tex
<Figures/WaterHomogeneity.pdf, id=893, 284.06125pt x 226.8475pt>
File: Figures/WaterHomogeneity.pdf Graphic file (type pdf)

<use Figures/WaterHomogeneity.pdf>
Package pdftex.def Info: Figures/WaterHomogeneity.pdf used on input line 108.
(pdftex.def)             Requested size: 284.06053pt x 226.84694pt.
) (./Figures/GaldenCalibration.tex
<Figures/GaldenCalibration.pdf, id=898, 284.06125pt x 226.8475pt>
File: Figures/GaldenCalibration.pdf Graphic file (type pdf)

<use Figures/GaldenCalibration.pdf>
Package pdftex.def Info: Figures/GaldenCalibration.pdf used on input line 102.
(pdftex.def)             Requested size: 284.06053pt x 226.84694pt.
) [38] [39 <./Figures/HilgenbergHomogeneity.pdf> <./Figures/WaterHomogeneity.pd
f> <./Figures/GaldenCalibration.pdf>]
<Figures/SampleEnvironment.jpg, id=921, 876.876pt x 688.0104pt>
File: Figures/SampleEnvironment.jpg Graphic file (type jpg)

<use Figures/SampleEnvironment.jpg>
Package pdftex.def Info: Figures/SampleEnvironment.jpg used on input line 209.
(pdftex.def)             Requested size: 876.87387pt x 688.00873pt.
 [40] [41 <./Figures/SampleEnvironment.jpg>]) [42]
\openout2 = `chapter_density_gradient_SAXS.aux'.

 (./chapter_density_gradient_SAXS.tex
Chapter 4.
[43



] [44]

LaTeX Warning: Command \textregistered invalid in math mode on input line 19.


LaTeX Warning: Command \textregistered invalid in math mode on input line 19.

Missing character: There is no ® in font pplr7t!
[45] (./Figures/DensityGradientCapillarySetup.pdf_tex
<Figures/DensityGradientCapillarySetup.pdf, id=1021, 371.04448pt x 160.96472pt>
File: Figures/DensityGradientCapillarySetup.pdf Graphic file (type pdf)
<use Figures/DensityGradientCapillarySetup.pdf>
Package pdftex.def Info: Figures/DensityGradientCapillarySetup.pdf used on inpu
t line 52.
(pdftex.def)             Requested size: 322.50346pt x 139.91043pt.
)

LaTeX Warning: Command \textregistered invalid in math mode on input line 38.


LaTeX Warning: Command \textregistered invalid in math mode on input line 38.

Missing character: There is no ® in font pplr7t!

Overfull \hbox (5.20319pt too wide) in paragraph at lines 40--41
[]\OT1/ppl/m/n/12 These val-ues can be con-verted to sol-vent elec-tron den-si-
ties via the Beer-Lambert
 []

[46 <./Figures/DensityGradientCapillarySetup.pdf>]
(./Figures/KiskerTransmissionCalibration.tex
<Figures/KiskerTransmissionCalibration.pdf, id=1071, 426.59375pt x 226.8475pt>
File: Figures/KiskerTransmissionCalibration.pdf Graphic file (type pdf)

<use Figures/KiskerTransmissionCalibration.pdf>
Package pdftex.def Info: Figures/KiskerTransmissionCalibration.pdf used on inpu
t line 122.
(pdftex.def)             Requested size: 426.5927pt x 226.84694pt.
)
(./Figures/EnergiesTransmissionCalibration.tex
<Figures/EnergiesTransmissionCalibration.pdf, id=1074, 284.06125pt x 226.8475pt
>
File: Figures/EnergiesTransmissionCalibration.pdf Graphic file (type pdf)
 <use Figures/EnergiesTransmissionCalibration.pdf>
Package pdftex.def Info: Figures/EnergiesTransmissionCalibration.pdf used on in
put line 123.
(pdftex.def)             Requested size: 284.06053pt x 226.84694pt.
)
(./Figures/SucroseTransmissionCalibration.tex
<Figures/SucroseTransmissionCalibration.pdf, id=1075, 284.06125pt x 226.8475pt>
File: Figures/SucroseTransmissionCalibration.pdf Graphic file (type pdf)
<use Figures/SucroseTransmissionCalibration.pdf>
Package pdftex.def Info: Figures/SucroseTransmissionCalibration.pdf used on inp
ut line 123.
(pdftex.def)             Requested size: 284.06053pt x 226.84694pt.
) [47 <./Figures/KiskerTransmissionCalibration.pdf>] [48 <./Figures/EnergiesTra
nsmissionCalibration.pdf> <./Figures/SucroseTransmissionCalibration.pdf>] [49]
(./Figures/KiskerContinuousSAXS.tex
<Figures/KiskerContinuousSAXS.pdf, id=1115, 284.06125pt x 226.8475pt>
File: Figures/KiskerContinuousSAXS.pdf Graphic file (type pdf)

<use Figures/KiskerContinuousSAXS.pdf>
Package pdftex.def Info: Figures/KiskerContinuousSAXS.pdf used on input line 11
1.
(pdftex.def)             Requested size: 284.06053pt x 226.84694pt.
) [50 <./Figures/KiskerContinuousSAXS.pdf>] (./Figures/KiskerBackgroundSubtract
ion.tex
<Figures/KiskerBackgroundSubtraction.pdf, id=1125, 284.06125pt x 226.8475pt>
File: Figures/KiskerBackgroundSubtraction.pdf Graphic file (type pdf)

<use Figures/KiskerBackgroundSubtraction.pdf>
Package pdftex.def Info: Figures/KiskerBackgroundSubtraction.pdf used on input 
line 103.
(pdftex.def)             Requested size: 284.06053pt x 226.84694pt.
) [51 <./Figures/KiskerBackgroundSubtraction.pdf>] (./Figures/KiskerSAXSCoreshe
llFit.tex
<Figures/KiskerSAXSCoreshellFit.pdf, id=1141, 284.06125pt x 226.8475pt>
File: Figures/KiskerSAXSCoreshellFit.pdf Graphic file (type pdf)

<use Figures/KiskerSAXSCoreshellFit.pdf>
Package pdftex.def Info: Figures/KiskerSAXSCoreshellFit.pdf used on input line 
133.
(pdftex.def)             Requested size: 284.06053pt x 226.84694pt.
) [52] [53 <./Figures/KiskerSAXSCoreshellFit.pdf>] (./Figures/KiskerIsopoint.te
x
<Figures/KiskerIsopoint.pdf, id=1168, 284.06125pt x 226.8475pt>
File: Figures/KiskerIsopoint.pdf Graphic file (type pdf)

<use Figures/KiskerIsopoint.pdf>
Package pdftex.def Info: Figures/KiskerIsopoint.pdf used on input line 104.
(pdftex.def)             Requested size: 284.06053pt x 226.84694pt.
) [54 <./Figures/KiskerIsopoint.pdf>]
(./Figures/KiskerIntensityComparison.tex
<Figures/KiskerIntensityComparison.pdf, id=1192, 284.06125pt x 226.8475pt>
File: Figures/KiskerIntensityComparison.pdf Graphic file (type pdf)

<use Figures/KiskerIntensityComparison.pdf>
Package pdftex.def Info: Figures/KiskerIntensityComparison.pdf used on input li
ne 111.
(pdftex.def)             Requested size: 284.06053pt x 226.84694pt.
) (./Figures/KiskerGuinierRadius.tex <Figures/KiskerGuinierRadius.pdf, id=1196,
 284.06125pt x 226.8475pt>
File: Figures/KiskerGuinierRadius.pdf Graphic file (type pdf)

<use Figures/KiskerGuinierRadius.pdf>
Package pdftex.def Info: Figures/KiskerGuinierRadius.pdf used on input line 115
.
(pdftex.def)             Requested size: 284.06053pt x 226.84694pt.
) [55] [56 <./Figures/KiskerIntensityComparison.pdf>] (./Figures/KiskerIntensit
yParabola.tex
<Figures/KiskerIntensityParabola.pdf, id=1221, 284.06125pt x 226.8475pt>
File: Figures/KiskerIntensityParabola.pdf Graphic file (type pdf)

<use Figures/KiskerIntensityParabola.pdf>
Package pdftex.def Info: Figures/KiskerIntensityParabola.pdf used on input line
 111.
(pdftex.def)             Requested size: 284.06053pt x 226.84694pt.
) [57 <./Figures/KiskerGuinierRadius.pdf>] [58 <./Figures/KiskerIntensityParabo
la.pdf>] [59] [60]
(./Figures/LudoxHS40TransmissionCalibration.tex
<Figures/LudoxHS40TransmissionCalibration.pdf, id=1288, 426.59375pt x 226.8475p
t>
File: Figures/LudoxHS40TransmissionCalibration.pdf Graphic file (type pdf)
 <use Figures/LudoxHS40TransmissionCalibration.pdf>
Package pdftex.def Info: Figures/LudoxHS40TransmissionCalibration.pdf used on i
nput line 132.
(pdftex.def)             Requested size: 426.5927pt x 226.84694pt.
) [61]) [62 <./Figures/LudoxHS40TransmissionCalibration.pdf>]
\openout2 = `chapter_simultaneous_size_density.aux'.

 (./chapter_simultaneous_size_density.tex
Chapter 5.

Overfull \hbox (16.14987pt too wide) in paragraph at lines 3--4
\OT1/ppl/m/n/12 ti-cles open ex-cit-ing new pos-si-bil-i-ties in this field as 
plat-forms for drug-delivery([]Wang
 []

[63



] [64]

LaTeX Warning: Command \textregistered invalid in math mode on input line 31.


LaTeX Warning: Command \textregistered invalid in math mode on input line 31.

Missing character: There is no ® in font pplr7t!

Overfull \hbox (6.65779pt too wide) in paragraph at lines 31--32
\OT1/ppl/m/n/12 Carboxylated polystyrene nanopar-ti-cles (PS-COOH) syn-the-size
d by multi-addition
 []


Overfull \hbox (3.32278pt too wide) in paragraph at lines 31--32
\OT1/ppl/m/n/12 col-loids (PMMA-COOH) with a nom-i-nal di-am-e-ter of 187 nm an
d plain polystyrene
 []

[65] (./Figures/PSPlainSingleContrastSAXS.tex
<Figures/PSPlainSingleContrastSAXS.pdf, id=1443, 284.06125pt x 226.8475pt>
File: Figures/PSPlainSingleContrastSAXS.pdf Graphic file (type pdf)

<use Figures/PSPlainSingleContrastSAXS.pdf>
Package pdftex.def Info: Figures/PSPlainSingleContrastSAXS.pdf used on input li
ne 133.
(pdftex.def)             Requested size: 284.06053pt x 226.84694pt.
) [66 <./Figures/PSPlainSingleContrastSAXS.pdf>]

LaTeX Warning: No positions in optional float specifier.
               Default added (so using `tbp') on input line 49.


Overfull \hbox (19.79466pt too wide) in paragraph at lines 53--61
 [][] 
 []

[67] [68] (./Figures/DCSCombinedStokes.tex
<Figures/DCSCombinedStokes.pdf, id=1471, 284.06125pt x 226.8475pt>
File: Figures/DCSCombinedStokes.pdf Graphic file (type pdf)

<use Figures/DCSCombinedStokes.pdf>
Package pdftex.def Info: Figures/DCSCombinedStokes.pdf used on input line 109.
(pdftex.def)             Requested size: 284.06053pt x 226.84694pt.
) [69 <./Figures/DCSCombinedStokes.pdf>]
(./Figures/PSPlainContinuousSAXS.tex
<Figures/PSPlainContinuousSAXS.pdf, id=1486, 284.06125pt x 226.8475pt>
File: Figures/PSPlainContinuousSAXS.pdf Graphic file (type pdf)

<use Figures/PSPlainContinuousSAXS.pdf>
Package pdftex.def Info: Figures/PSPlainContinuousSAXS.pdf used on input line 1
13.
(pdftex.def)             Requested size: 284.06053pt x 226.84694pt.
)
(./Figures/PSPlainContinuousSAXSIsopoint.tex
<Figures/PSPlainContinuousSAXSIsopoint.pdf, id=1487, 284.06125pt x 226.8475pt>
File: Figures/PSPlainContinuousSAXSIsopoint.pdf Graphic file (type pdf)

<use Figures/PSPlainContinuousSAXSIsopoint.pdf>
Package pdftex.def Info: Figures/PSPlainContinuousSAXSIsopoint.pdf used on inpu
t line 99.
(pdftex.def)             Requested size: 284.06053pt x 226.84694pt.
) [70 <./Figures/PSPlainContinuousSAXS.pdf> <./Figures/PSPlainContinuousSAXSIso
point.pdf>]
(./Figures/PSPlainResonantTerm.tex
<Figures/PSPlainResonantTerm.pdf, id=1511, 284.06125pt x 226.8475pt>
File: Figures/PSPlainResonantTerm.pdf Graphic file (type pdf)

<use Figures/PSPlainResonantTerm.pdf>
Package pdftex.def Info: Figures/PSPlainResonantTerm.pdf used on input line 109
.
(pdftex.def)             Requested size: 284.06053pt x 226.84694pt.
) [71 <./Figures/PSPlainResonantTerm.pdf>]
Overfull \hbox (12.23701pt too wide) in paragraph at lines 162--163
\OT1/ppl/m/n/12 SAXS and DCS and the imag-ing meth-ods AFM and TSEM and present
s the weighted
 []


Overfull \hbox (25.56726pt too wide) in paragraph at lines 164--165
[]\OT1/ppl/m/n/12 The mi-croscopy val-ues are ob-tained from Bel-gian Ser-vice 
M[]etrologie-Metrologische
 []

(./Figures/PSPlainSizeComparison.tex
<Figures/PSPlainSizeComparison.pdf, id=1524, 284.06125pt x 226.8475pt>
File: Figures/PSPlainSizeComparison.pdf Graphic file (type pdf)

<use Figures/PSPlainSizeComparison.pdf>
Package pdftex.def Info: Figures/PSPlainSizeComparison.pdf used on input line 1
16.
(pdftex.def)             Requested size: 284.06053pt x 226.84694pt.
) [72]
Overfull \hbox (9.54736pt too wide) in paragraph at lines 183--184
[]\OT1/ppl/m/n/12 Nevertheless, an-other con-trast vari-a-tion eval-u-a-tion ap
-proach such as the isoscat-
 []

[73 <./Figures/PSPlainSizeComparison.pdf>]
(./Figures/PSPlainSizeDistribution.tex
<Figures/PSPlainSizeDistribution.pdf, id=1543, 284.06125pt x 226.8475pt>
File: Figures/PSPlainSizeDistribution.pdf Graphic file (type pdf)

<use Figures/PSPlainSizeDistribution.pdf>
Package pdftex.def Info: Figures/PSPlainSizeDistribution.pdf used on input line
 117.
(pdftex.def)             Requested size: 284.06053pt x 226.84694pt.
) [74 <./Figures/PSPlainSizeDistribution.pdf>] (./Figures/ResonantTermSimulatio
nNumber.tex
<Figures/ResonantTermSimulationNumber.pdf, id=1563, 284.06125pt x 226.8475pt>
File: Figures/ResonantTermSimulationNumber.pdf Graphic file (type pdf)

<use Figures/ResonantTermSimulationNumber.pdf>
Package pdftex.def Info: Figures/ResonantTermSimulationNumber.pdf used on input
 line 111.
(pdftex.def)             Requested size: 284.06053pt x 226.84694pt.
) [75 <./Figures/ResonantTermSimulationNumber.pdf>] [76] (./Figures/IsopointSim
ulationRange.tex
<Figures/IsopointSimulationRange.pdf, id=1586, 284.06125pt x 226.8475pt>
File: Figures/IsopointSimulationRange.pdf Graphic file (type pdf)

<use Figures/IsopointSimulationRange.pdf>
Package pdftex.def Info: Figures/IsopointSimulationRange.pdf used on input line
 109.
(pdftex.def)             Requested size: 284.06053pt x 226.84694pt.
)
(./Figures/IsopointSimulationPolydispersity.tex
<Figures/IsopointSimulationPolydispersity.pdf, id=1587, 284.06125pt x 226.8475p
t>
File: Figures/IsopointSimulationPolydispersity.pdf Graphic file (type pdf)
 <use Figures/IsopointSimulationPolydispersity.pdf>
Package pdftex.def Info: Figures/IsopointSimulationPolydispersity.pdf used on i
nput line 127.
(pdftex.def)             Requested size: 284.06053pt x 226.84694pt.
) [77 <./Figures/IsopointSimulationRange.pdf> <./Figures/IsopointSimulationPoly
dispersity.pdf>]
(./Figures/PSPlainAverageDensity.tex
<Figures/PSPlainAverageDensity.pdf, id=1606, 284.06125pt x 226.8475pt>
File: Figures/PSPlainAverageDensity.pdf Graphic file (type pdf)

<use Figures/PSPlainAverageDensity.pdf>
Package pdftex.def Info: Figures/PSPlainAverageDensity.pdf used on input line 1
07.
(pdftex.def)             Requested size: 284.06053pt x 226.84694pt.
)
Overfull \hbox (6.63173pt too wide) in paragraph at lines 281--282
\OT1/ppl/m/n/12 atomic struc-ture is nec-es-sary for the cal-cu-la-tion.Therefo
re, a typ-i-cal value of $\OML/zplm/m/it/12 Z\OT1/zplm/m/n/12 /\OML/zplm/m/it/1
2 A \OT1/zplm/m/n/12 =
 []

[78] (./Figures/DensityComparison.tex
<Figures/DensityComparison.pdf, id=1623, 284.06125pt x 226.8475pt>
File: Figures/DensityComparison.pdf Graphic file (type pdf)

<use Figures/DensityComparison.pdf>
Package pdftex.def Info: Figures/DensityComparison.pdf used on input line 117.
(pdftex.def)             Requested size: 284.06053pt x 226.84694pt.
) [79 <./Figures/PSPlainAverageDensity.pdf>] [80 <./Figures/DensityComparison.p
df>] [81]) [82]
\openout2 = `chapter_bio_applications.aux'.


(./chapter_bio_applications.tex
Chapter 6.

Overfull \hbox (4.23436pt too wide) in paragraph at lines 4--5
\OT1/ppl/m/n/12 der-stand-ing for bi-o-log-i-cal struc-tures at the nanome-ter 
length scale, such as lipopro-
 []


Overfull \hbox (0.52641pt too wide) in paragraph at lines 6--7
\OT1/ppl/m/n/12 com-pounds within the closed phos-pho-lipid bi-layer mem-brane.
 The first ap-proved
 []

[83



]
LaTeX Font Info:    Font shape `TS1/ppl/bx/n' in size <12> not available
(Font)              Font shape `TS1/ppl/b/n' tried instead on input line 21.

Overfull \hbox (3.03502pt too wide) in paragraph at lines 23--24
\OT1/ppl/m/n/12 DSPE-PEG2000 (N-(carbonyl-methoxypolyethylene gly-col 2000)-1,2
-distearoyl-sn-
 []

<Figures/CaelyxCryoTEM.png, id=1699, 243.91125pt x 245.91875pt>
File: Figures/CaelyxCryoTEM.png Graphic file (type png)

<use Figures/CaelyxCryoTEM.png>
Package pdftex.def Info: Figures/CaelyxCryoTEM.png used on input line 27.
(pdftex.def)             Requested size: 243.91064pt x 245.91814pt.
 (./Figures/CaelyxScheme.pdf_tex
<Figures/CaelyxScheme.pdf, id=1700, 966.9253pt x 435.88487pt>
File: Figures/CaelyxScheme.pdf Graphic file (type pdf)

<use Figures/CaelyxScheme.pdf>
Package pdftex.def Info: Figures/CaelyxScheme.pdf used on input line 52.
(pdftex.def)             Requested size: 301.00192pt x 135.68825pt.
)
Overfull \hbox (42.9994pt too wide) in paragraph at lines 27--29
 [][][][] 
 []

[84] [85 <./Figures/CaelyxCryoTEM.png> <./Figures/CaelyxScheme.pdf>] [86]
(./Figures/CaelyxIodixanolContinuousSAXS.tex
<Figures/CaelyxIodixanolContinuousSAXS.pdf, id=1866, 284.06125pt x 226.8475pt>
File: Figures/CaelyxIodixanolContinuousSAXS.pdf Graphic file (type pdf)

<use Figures/CaelyxIodixanolContinuousSAXS.pdf>
Package pdftex.def Info: Figures/CaelyxIodixanolContinuousSAXS.pdf used on inpu
t line 110.
(pdftex.def)             Requested size: 284.06053pt x 226.84694pt.
)
(./Figures/CaelyxIodixanolIsopoint.tex
<Figures/CaelyxIodixanolIsopoint.pdf, id=1867, 284.06125pt x 226.8475pt>
File: Figures/CaelyxIodixanolIsopoint.pdf Graphic file (type pdf)

<use Figures/CaelyxIodixanolIsopoint.pdf>
Package pdftex.def Info: Figures/CaelyxIodixanolIsopoint.pdf used on input line
 101.
(pdftex.def)             Requested size: 284.06053pt x 226.84694pt.
)
Overfull \hbox (5.4193pt too wide) in paragraph at lines 83--84
[]\OT1/ppl/m/n/12 The sol-vent back-ground has been sub-tracted by mea-sur-ing 
the scat-ter-ing curves
 []

[87 <./Figures/CaelyxIodixanolContinuousSAXS.pdf> <./Figures/CaelyxIodixanolIso
point.pdf>] [88] (./Figures/CaelyxIodixanolResonantTerm.tex
<Figures/CaelyxIodixanolResonantTerm.pdf, id=1894, 284.06125pt x 226.8475pt>
File: Figures/CaelyxIodixanolResonantTerm.pdf Graphic file (type pdf)

<use Figures/CaelyxIodixanolResonantTerm.pdf>
Package pdftex.def Info: Figures/CaelyxIodixanolResonantTerm.pdf used on input 
line 105.
(pdftex.def)             Requested size: 284.06053pt x 226.84694pt.
) [89 <./Figures/CaelyxIodixanolResonantTerm.pdf>] (./Figures/CaelyxAverageDens
ity.tex
<Figures/CaelyxAverageDensity.pdf, id=1909, 284.06125pt x 226.8475pt>
File: Figures/CaelyxAverageDensity.pdf Graphic file (type pdf)

<use Figures/CaelyxAverageDensity.pdf>
Package pdftex.def Info: Figures/CaelyxAverageDensity.pdf used on input line 10
7.
(pdftex.def)             Requested size: 284.06053pt x 226.84694pt.
) [90 <./Figures/CaelyxAverageDensity.pdf>] (./Figures/OsmolalityElectronDensit
y.tex
<Figures/OsmolalityElectronDensity.pdf, id=1927, 284.06125pt x 226.8475pt>
File: Figures/OsmolalityElectronDensity.pdf Graphic file (type pdf)

<use Figures/OsmolalityElectronDensity.pdf>
Package pdftex.def Info: Figures/OsmolalityElectronDensity.pdf used on input li
ne 126.
(pdftex.def)             Requested size: 284.06053pt x 226.84694pt.
) [91] [92 <./Figures/OsmolalityElectronDensity.pdf>] (./Figures/CaelyxSucroseC
ontinuousSAXS.tex
<Figures/CaelyxSucroseContinuousSAXS.pdf, id=1951, 284.06125pt x 226.8475pt>
File: Figures/CaelyxSucroseContinuousSAXS.pdf Graphic file (type pdf)

<use Figures/CaelyxSucroseContinuousSAXS.pdf>
Package pdftex.def Info: Figures/CaelyxSucroseContinuousSAXS.pdf used on input 
line 111.
(pdftex.def)             Requested size: 284.06053pt x 226.84694pt.
)
(./Figures/CaelyxSucroseContinuousSAXSIsopoint.tex
<Figures/CaelyxSucroseContinuousSAXSIsopoint.pdf, id=1952, 284.06125pt x 226.84
75pt>
File: Figures/CaelyxSucroseContinuousSAXSIsopoint.pdf Graphic file (type pdf)
 <use Figures/CaelyxSucroseContinuousSAXSIsopoint.pdf>
Package pdftex.def Info: Figures/CaelyxSucroseContinuousSAXSIsopoint.pdf used o
n input line 127.
(pdftex.def)             Requested size: 284.06053pt x 226.84694pt.
) [93 <./Figures/CaelyxSucroseContinuousSAXS.pdf> <./Figures/CaelyxSucroseConti
nuousSAXSIsopoint.pdf>] (./Figures/CaelyxSucroseContinuousWAXS.tex
<Figures/CaelyxSucroseContinuousWAXS.pdf, id=1972, 284.06125pt x 226.8475pt>
File: Figures/CaelyxSucroseContinuousWAXS.pdf Graphic file (type pdf)

<use Figures/CaelyxSucroseContinuousWAXS.pdf>
Package pdftex.def Info: Figures/CaelyxSucroseContinuousWAXS.pdf used on input 
line 110.
(pdftex.def)             Requested size: 284.06053pt x 226.84694pt.
)
(./Figures/CaelyxSucroseContinuousWAXSDiffraction.tex
<Figures/CaelyxSucroseContinuousWAXSDiffraction.pdf, id=1973, 284.06125pt x 226
.8475pt>
File: Figures/CaelyxSucroseContinuousWAXSDiffraction.pdf Graphic file (type pdf
)
 <use Figures/CaelyxSucroseContinuousWAXSDiffraction.pdf>
Package pdftex.def Info: Figures/CaelyxSucroseContinuousWAXSDiffraction.pdf use
d on input line 105.
(pdftex.def)             Requested size: 284.06053pt x 226.84694pt.
) [94 <./Figures/CaelyxSucroseContinuousWAXS.pdf> <./Figures/CaelyxSucroseConti
nuousWAXSDiffraction.pdf>] (./Figures/CaelyxIsopointComparison.tex
<Figures/CaelyxIsopointComparison.pdf, id=1989, 284.06125pt x 226.8475pt>
File: Figures/CaelyxIsopointComparison.pdf Graphic file (type pdf)

<use Figures/CaelyxIsopointComparison.pdf>
Package pdftex.def Info: Figures/CaelyxIsopointComparison.pdf used on input lin
e 109.
(pdftex.def)             Requested size: 284.06053pt x 226.84694pt.
)
Overfull \hbox (3.35847pt too wide) in paragraph at lines 178--179
\OT1/ppl/m/n/12 Typically, unil-amel-lar li-po-somes present a very nar-row siz
e dis-tri-bu-tion and spher-
 []

[95 <./Figures/CaelyxIsopointComparison.pdf>] (./Figures/SSLSingleContrast.tex
<Figures/SSLSingleContrast.pdf, id=2022, 284.06125pt x 226.8475pt>
File: Figures/SSLSingleContrast.pdf Graphic file (type pdf)

<use Figures/SSLSingleContrast.pdf>
Package pdftex.def Info: Figures/SSLSingleContrast.pdf used on input line 121.
(pdftex.def)             Requested size: 284.06053pt x 226.84694pt.
) (./Figures/SSLSingleContrastBilayer.tex
<Figures/SSLSingleContrastBilayer.pdf, id=2025, 198.7425pt x 312.16624pt>
File: Figures/SSLSingleContrastBilayer.pdf Graphic file (type pdf)

<use Figures/SSLSingleContrastBilayer.pdf>
Package pdftex.def Info: Figures/SSLSingleContrastBilayer.pdf used on input lin
e 105.
(pdftex.def)             Requested size: 198.742pt x 312.16548pt.
) [96] [97 <./Figures/SSLSingleContrast.pdf>] (./Figures/SSLContinuousSAXS.tex
<Figures/SSLContinuousSAXS.pdf, id=2055, 284.06125pt x 226.8475pt>
File: Figures/SSLContinuousSAXS.pdf Graphic file (type pdf)

<use Figures/SSLContinuousSAXS.pdf>
Package pdftex.def Info: Figures/SSLContinuousSAXS.pdf used on input line 111.
(pdftex.def)             Requested size: 284.06053pt x 226.84694pt.
) [98 <./Figures/SSLSingleContrastBilayer.pdf>] (./Figures/SSLIsopointIntensity
.tex
<Figures/SSLIsopointIntensity.pdf, id=2064, 284.06125pt x 226.8475pt>
File: Figures/SSLIsopointIntensity.pdf Graphic file (type pdf)

<use Figures/SSLIsopointIntensity.pdf>
Package pdftex.def Info: Figures/SSLIsopointIntensity.pdf used on input line 10
9.
(pdftex.def)             Requested size: 284.06053pt x 226.84694pt.
) [99 <./Figures/SSLContinuousSAXS.pdf>]
(./Figures/SSLContrastCurvesBilayer200SSL.tex
<Figures/SSLContrastCurvesBilayer200SSL.pdf, id=2081, 198.7425pt x 312.16624pt>
File: Figures/SSLContrastCurvesBilayer200SSL.pdf Graphic file (type pdf)
<use Figures/SSLContrastCurvesBilayer200SSL.pdf>
Package pdftex.def Info: Figures/SSLContrastCurvesBilayer200SSL.pdf used on inp
ut line 105.
(pdftex.def)             Requested size: 198.742pt x 312.16548pt.
)
(./Figures/SSLContrastCurvesBilayer100Plain.tex
<Figures/SSLContrastCurvesBilayer100Plain.pdf, id=2082, 198.7425pt x 312.16624p
t>
File: Figures/SSLContrastCurvesBilayer100Plain.pdf Graphic file (type pdf)
 <use Figures/SSLContrastCurvesBilayer100Plain.pdf>
Package pdftex.def Info: Figures/SSLContrastCurvesBilayer100Plain.pdf used on i
nput line 105.
(pdftex.def)             Requested size: 198.742pt x 312.16548pt.
) [100 <./Figures/SSLIsopointIntensity.pdf>] [101 <./Figures/SSLContrastCurvesB
ilayer200SSL.pdf> <./Figures/SSLContrastCurvesBilayer100Plain.pdf>]
(./Figures/SSLContrastVariationChiSquared400SSL.tex
<Figures/SSLContrastVariationChiSquared400SSL.pdf, id=2112, 284.06125pt x 226.8
475pt>
File: Figures/SSLContrastVariationChiSquared400SSL.pdf Graphic file (type pdf)
 <use Figures/SSLContrastVariationChiSquared400SSL.pdf>
Package pdftex.def Info: Figures/SSLContrastVariationChiSquared400SSL.pdf used 
on input line 121.
(pdftex.def)             Requested size: 284.06053pt x 226.84694pt.
) [102 <./Figures/SSLContrastVariationChiSquared400SSL.pdf>] [103]
(./Figures/HDLContinuousSAXS.tex
<Figures/HDLContinuousSAXS.pdf, id=2169, 284.06125pt x 226.8475pt>
File: Figures/HDLContinuousSAXS.pdf Graphic file (type pdf)

<use Figures/HDLContinuousSAXS.pdf>
Package pdftex.def Info: Figures/HDLContinuousSAXS.pdf used on input line 104.
(pdftex.def)             Requested size: 284.06053pt x 226.84694pt.
) (./Figures/LDLContinuousSAXS.tex
<Figures/LDLContinuousSAXS.pdf, id=2170, 284.06125pt x 226.8475pt>
File: Figures/LDLContinuousSAXS.pdf Graphic file (type pdf)

<use Figures/LDLContinuousSAXS.pdf>
Package pdftex.def Info: Figures/LDLContinuousSAXS.pdf used on input line 104.
(pdftex.def)             Requested size: 284.06053pt x 226.84694pt.
) [104 <./Figures/HDLContinuousSAXS.pdf> <./Figures/LDLContinuousSAXS.pdf>]

LaTeX Warning: Reference `fig:HDLCoreShellFit' on page 105 undefined on input l
ine 294.

(./Figures/LipoproteinIsopointComp.tex
<Figures/LipoproteinIsopointComp.pdf, id=2204, 284.06125pt x 226.8475pt>
File: Figures/LipoproteinIsopointComp.pdf Graphic file (type pdf)

<use Figures/LipoproteinIsopointComp.pdf>
Package pdftex.def Info: Figures/LipoproteinIsopointComp.pdf used on input line
 101.
(pdftex.def)             Requested size: 284.06053pt x 226.84694pt.
)
(./Figures/LipoproteinsAverageDensity.tex
<Figures/LipoproteinsAverageDensity.pdf, id=2205, 284.06125pt x 226.8475pt>
File: Figures/LipoproteinsAverageDensity.pdf Graphic file (type pdf)

<use Figures/LipoproteinsAverageDensity.pdf>
Package pdftex.def Info: Figures/LipoproteinsAverageDensity.pdf used on input l
ine 109.
(pdftex.def)             Requested size: 284.06053pt x 226.84694pt.
) [105 <./Figures/LipoproteinIsopointComp.pdf> <./Figures/LipoproteinsAverageDe
nsity.pdf>]
(./Figures/HDLGuinierRadius.tex
<Figures/HDLGuinierRadius.pdf, id=2243, 284.06125pt x 226.8475pt>
File: Figures/HDLGuinierRadius.pdf Graphic file (type pdf)

<use Figures/HDLGuinierRadius.pdf>
Package pdftex.def Info: Figures/HDLGuinierRadius.pdf used on input line 107.
(pdftex.def)             Requested size: 284.06053pt x 226.84694pt.
) [106 <./Figures/HDLGuinierRadius.pdf>]
(./Figures/CoatedKiskerIgGSingleContrastSAXS.tex
<Figures/CoatedKiskerIgGSingleContrastSAXS.pdf, id=2267, 284.06125pt x 226.8475
pt>
File: Figures/CoatedKiskerIgGSingleContrastSAXS.pdf Graphic file (type pdf)
 <use Figures/CoatedKiskerIgGSingleContrastSAXS.pdf>
Package pdftex.def Info: Figures/CoatedKiskerIgGSingleContrastSAXS.pdf used on 
input line 111.
(pdftex.def)             Requested size: 284.06053pt x 226.84694pt.
) [107]
Overfull \hbox (9.46216pt too wide) in paragraph at lines 338--339
[]\OT1/ppl/m/n/12 The bare PS-COOH par-ti-cles are highly charged, show-ing a $
\OML/zplm/m/it/12 ^^P$\OT1/ppl/m/n/12 -potential of ($\OMS/zplm/m/n/12 ^^@\OT1/
ppl/m/n/12 49 \OMS/zplm/m/n/12 ^^F
 []


LaTeX Warning: No positions in optional float specifier.
               Default added (so using `tbp') on input line 342.

[108 <./Figures/CoatedKiskerIgGSingleContrastSAXS.pdf>]
(./Figures/CoatedKiskerIsopointComp.tex
<Figures/CoatedKiskerIsopointComp.pdf, id=2299, 284.06125pt x 226.8475pt>
File: Figures/CoatedKiskerIsopointComp.pdf Graphic file (type pdf)

<use Figures/CoatedKiskerIsopointComp.pdf>
Package pdftex.def Info: Figures/CoatedKiskerIsopointComp.pdf used on input lin
e 99.
(pdftex.def)             Requested size: 284.06053pt x 226.84694pt.
) [109] [110 <./Figures/CoatedKiskerIsopointComp.pdf>]

LaTeX Warning: No positions in optional float specifier.
               Default added (so using `tbp') on input line 387.

[111] [112]) [113] (./main.bbl [114


] [115] [116] [117] [118] [119]
Underfull \hbox (badness 2418) in paragraph at lines 403--406
[]\OT1/ppl/m/sc/12 Havel, R. J., Eder, H. A. & Brag-don, J. H. \OT1/ppl/m/n/12 
1955 THE DIS-TRI-BU-
 []

[120] [121] [122] [123]
Underfull \hbox (badness 1122) in paragraph at lines 689--694
[]\OT1/ppl/m/sc/12 Monopoli, M. P., Wal-czyk, D., Camp-bell, A., Elia, G., Lync
h, I.,
 []

[124] [125] [126] [127] [128] [129] [130]) [131]
\openout2 = `thanksgiving.aux'.

 (./thanksgiving.tex
Overfull \hbox (7.51024pt too wide) in paragraph at lines 5--7
\OT1/ppl/m/n/12 Bun-de-sanstalt (PTB) am Elek-tro-nen-spe-icher-ring f[]ur Syn-
chrotron-strahlung BESSY II
 []


Overfull \hbox (10.93044pt too wide) in paragraph at lines 23--25
\OT1/ppl/m/n/12 Ste-fanie Langner und Pe-ter M[]uller f[]ur die en-gagierte und
 im-mer hoch willkommene
 []


Overfull \hbox (32.9743pt too wide) in paragraph at lines 26--28
\OT1/ppl/m/n/12 C. Minelli, A. Sikor und Dr. Alex G. Shard f[]ur die Bere-it-st
el-lung von oft anspruchsvollen,
 []

[132

] [133])
\openout2 = `tub-eidesstattliche.aux'.

 (./tub-eidesstattliche.tex [134



])
Package atveryend Info: Empty hook `BeforeClearDocument' on input line 99.
Package atveryend Info: Empty hook `AfterLastShipout' on input line 99.
 (./main.aux (./abbreviations.aux) (./symbols.aux) (./chapter_introduction.aux)
 (./chapter_theory_SAXS.aux)
(./chapter_experimental_setup.aux) (./chapter_density_gradient_SAXS.aux)
(./chapter_simultaneous_size_density.aux) (./chapter_bio_applications.aux)
(./thanksgiving.aux) (./tub-eidesstattliche.aux))
Package atveryend Info: Executing hook `AtVeryEndDocument' on input line 99.
Package atveryend Info: Executing hook `AtEndAfterFileList' on input line 99.
Package rerunfilecheck Info: File `main.out' has not changed.
(rerunfilecheck)             Checksum: 8960EE54654C6F4935033A88A3FC3233;6134.


LaTeX Warning: There were undefined references.

Package atveryend Info: Empty hook `AtVeryVeryEnd' on input line 99.
 ) 
Here is how much of TeX's memory you used:
 16393 strings out of 493315
 289277 string characters out of 6145894
 366729 words of memory out of 5000000
 18733 multiletter control sequences out of 15000+600000
 83742 words of font info for 222 fonts, out of 8000000 for 9000
 957 hyphenation exceptions out of 8191
 44i,15n,49p,1646b,786s stack positions out of 5000i,500n,10000p,200000b,80000s
{/usr/share/texmf/fonts/enc/dvips/base/8r.enc}</usr/share/texmf/fonts/type1/p
ublic/amsfonts/cm/cmbsy10.pfb></usr/share/texmf/fonts/type1/public/amsfonts/cm/
cmex10.pfb></usr/share/texmf/fonts/type1/public/amsfonts/cm/cmmi10.pfb></usr/sh
are/texmf/fonts/type1/public/amsfonts/cm/cmr10.pfb></usr/share/texmf/fonts/type
1/public/amsfonts/cm/cmss12.pfb></usr/share/texmf/fonts/type1/public/amsfonts/c
m/cmssbx10.pfb></usr/share/texmf/fonts/type1/public/amsfonts/cm/cmsy10.pfb></us
r/share/texmf/fonts/type1/public/mathpazo/fplmr.pfb></usr/share/texmf/fonts/typ
e1/public/mathpazo/fplmri.pfb></usr/share/texmf/fonts/type1/urw/palatino/uplb8a
.pfb></usr/share/texmf/fonts/type1/urw/palatino/uplr8a.pfb></usr/share/texmf/fo
nts/type1/urw/palatino/uplri8a.pfb>
Output written on main.pdf (136 pages, 5311363 bytes).
PDF statistics:
 2596 PDF objects out of 2984 (max. 8388607)
 2280 compressed objects within 23 object streams
 560 named destinations out of 1000 (max. 500000)
 921 words of extra memory for PDF output out of 10000 (max. 10000000)

