

*******************************************************************************
Sun Feb  5 12:43:04 2017


FIT:    data read from 'Sphere_HDL_results_edit.dat' u 8:($1**2):(-1e3*$5)
        format = x:z:s
        #datapoints = 49
function used for fitting: f(x)
fitted parameters initialized with current variable values



*******************************************************************************
Sun Feb  5 12:43:26 2017


FIT:    data read from 'Sphere_HDL_results_edit.dat' u 8:($1**2):(-1e3*$5)
        format = x:z:s
        #datapoints = 49
function used for fitting: f(x)
	f(x)=R0+alpha/(x-rho)
fitted parameters initialized with current variable values

iter      chisq       delta/lim  lambda   R0            rho           alpha        
   0 8.0132629057e+00   0.00e+00  2.18e+02    3.544277e+01   3.536381e+02  -6.240727e+02
   1 8.0132629057e+00   0.00e+00  2.18e+08    3.544277e+01   3.536381e+02  -6.240727e+02

After 1 iterations the fit converged.
final sum of squares of residuals : 8.01326
rel. change during last iteration : 0

degrees of freedom    (FIT_NDF)                        : 46
rms of residuals      (FIT_STDFIT) = sqrt(WSSR/ndf)    : 0.417374
variance of residuals (reduced chisquare) = WSSR/ndf   : 0.174201
p-value of the Chisq distribution (FIT_P)              : 1

Final set of parameters            Asymptotic Standard Error
=======================            ==========================
R0              = 35.4428          +/- 0.859        (2.424%)
rho             = 353.638          +/- 0.1047       (0.02962%)
alpha           = -624.073         +/- 14.01        (2.246%)

correlation matrix of the fit parameters:
                R0     rho    alpha  
R0              1.000 
rho             0.765  1.000 
alpha          -0.790 -0.825  1.000 
