

*******************************************************************************
Fri Feb 19 16:33:36 2016


FIT:    data read from "Hilgenberg-93.5.dat" u 2:3
        format = x:z
        x range restricted to [5.41700 : 10.0842]
        #datapoints = 15
        residuals are weighted equally (unit weight)

function used for fitting: luft
fitted parameters initialized with current variable values



 Iteration 0
 WSSR        : 9.56479           delta(WSSR)/WSSR   : 0
 delta(WSSR) : 0                 limit for stopping : 1e-05
 lambda	  : 1

initial set of free parameter values

luft            = 1

After 4 iterations the fit converged.
final sum of squares of residuals : 2.12423e-06
rel. change during last iteration : -3.46712e-13

degrees of freedom    (FIT_NDF)                        : 14
rms of residuals      (FIT_STDFIT) = sqrt(WSSR/ndf)    : 0.000389526
variance of residuals (reduced chisquare) = WSSR/ndf   : 1.5173e-07

Final set of parameters            Asymptotic Standard Error
=======================            ==========================

luft            = 0.201469         +/- 0.0001006    (0.04992%)


correlation matrix of the fit parameters:

               luft   
luft            1.000 


*******************************************************************************
Fri Feb 19 16:34:08 2016


FIT:    data read from "Hilgenberg-93.5.dat" u 2:3
        format = x:z
        x range restricted to [-4.84346 : 2.87030]
        #datapoints = 25
        residuals are weighted equally (unit weight)

function used for fitting: wasser
fitted parameters initialized with current variable values



 Iteration 0
 WSSR        : 21.5306           delta(WSSR)/WSSR   : 0
 delta(WSSR) : 0                 limit for stopping : 1e-05
 lambda	  : 1

initial set of free parameter values

wasser          = 1

After 4 iterations the fit converged.
final sum of squares of residuals : 7.90573e-07
rel. change during last iteration : -1.03258e-13

degrees of freedom    (FIT_NDF)                        : 24
rms of residuals      (FIT_STDFIT) = sqrt(WSSR/ndf)    : 0.000181495
variance of residuals (reduced chisquare) = WSSR/ndf   : 3.29405e-08

Final set of parameters            Asymptotic Standard Error
=======================            ==========================

wasser          = 0.0719775        +/- 3.63e-05     (0.05043%)


correlation matrix of the fit parameters:

               wasser 
wasser          1.000 


*******************************************************************************
Fri Feb 19 16:34:44 2016


FIT:    data read from "Hilgenberg-93.5.dat" u 2:3
        format = x:z
        x range restricted to [-9.28873 : -5.92996]
        #datapoints = 11
        residuals are weighted equally (unit weight)

function used for fitting: galden
fitted parameters initialized with current variable values



 Iteration 0
 WSSR        : 10.5498           delta(WSSR)/WSSR   : 0
 delta(WSSR) : 0                 limit for stopping : 1e-05
 lambda	  : 1

initial set of free parameter values

galden          = 1

After 4 iterations the fit converged.
final sum of squares of residuals : 2.64804e-08
rel. change during last iteration : -1.8862e-10

degrees of freedom    (FIT_NDF)                        : 10
rms of residuals      (FIT_STDFIT) = sqrt(WSSR/ndf)    : 5.14592e-05
variance of residuals (reduced chisquare) = WSSR/ndf   : 2.64804e-09

Final set of parameters            Asymptotic Standard Error
=======================            ==========================

galden          = 0.0206772        +/- 1.552e-05    (0.07504%)


correlation matrix of the fit parameters:

               galden 
galden          1.000 


*******************************************************************************
Fri Feb 19 17:03:06 2016


FIT:    data read from "Hilgenberg-94.5.dat" u 2:3
        format = x:z
        x range restricted to [-9.98421 : -5.95370]
        #datapoints = 13
        residuals are weighted equally (unit weight)

function used for fitting: luft
fitted parameters initialized with current variable values



 Iteration 0
 WSSR        : 0.428448          delta(WSSR)/WSSR   : 0
 delta(WSSR) : 0                 limit for stopping : 1e-05
 lambda	  : 1

initial set of free parameter values

luft            = 0.201469

After 4 iterations the fit converged.
final sum of squares of residuals : 1.32722e-08
rel. change during last iteration : -5.75778e-12

degrees of freedom    (FIT_NDF)                        : 12
rms of residuals      (FIT_STDFIT) = sqrt(WSSR/ndf)    : 3.32568e-05
variance of residuals (reduced chisquare) = WSSR/ndf   : 1.10601e-09

Final set of parameters            Asymptotic Standard Error
=======================            ==========================

luft            = 0.0199264        +/- 9.224e-06    (0.04629%)


correlation matrix of the fit parameters:

               luft   
luft            1.000 


*******************************************************************************
Fri Feb 19 17:03:32 2016


FIT:    data read from "Hilgenberg-94.5.dat" u 2:3
        format = x:z
        x range restricted to [-5.03815 : 3.36490]
        #datapoints = 28
        residuals are weighted equally (unit weight)

function used for fitting: wasser
fitted parameters initialized with current variable values



 Iteration 0
 WSSR        : 4.33885e-05       delta(WSSR)/WSSR   : 0
 delta(WSSR) : 0                 limit for stopping : 1e-05
 lambda	  : 1

initial set of free parameter values

wasser          = 0.0719775

After 3 iterations the fit converged.
final sum of squares of residuals : 7.46764e-07
rel. change during last iteration : -8.65425e-09

degrees of freedom    (FIT_NDF)                        : 27
rms of residuals      (FIT_STDFIT) = sqrt(WSSR/ndf)    : 0.000166307
variance of residuals (reduced chisquare) = WSSR/ndf   : 2.76579e-08

Final set of parameters            Asymptotic Standard Error
=======================            ==========================

wasser          = 0.0707435        +/- 3.143e-05    (0.04443%)


correlation matrix of the fit parameters:

               wasser 
wasser          1.000 


*******************************************************************************
Fri Feb 19 17:03:59 2016


FIT:    data read from "Hilgenberg-94.5.dat" u 2:3
        format = x:z
        x range restricted to [4.86977 : 9.93686]
        #datapoints = 17
        residuals are weighted equally (unit weight)

function used for fitting: galden
fitted parameters initialized with current variable values



 Iteration 0
 WSSR        : 0.559823          delta(WSSR)/WSSR   : 0
 delta(WSSR) : 0                 limit for stopping : 1e-05
 lambda	  : 1

initial set of free parameter values

galden          = 0.0206772

After 4 iterations the fit converged.
final sum of squares of residuals : 3.46983e-06
rel. change during last iteration : -6.10283e-15

degrees of freedom    (FIT_NDF)                        : 16
rms of residuals      (FIT_STDFIT) = sqrt(WSSR/ndf)    : 0.000465687
variance of residuals (reduced chisquare) = WSSR/ndf   : 2.16865e-07

Final set of parameters            Asymptotic Standard Error
=======================            ==========================

galden          = 0.202145         +/- 0.0001129    (0.05587%)


correlation matrix of the fit parameters:

               galden 
galden          1.000 


*******************************************************************************
Wed Jul 20 15:23:33 2016


FIT:    data read from 'Hilgenberg_-0.15.dat' u 2:3
        format = x:z
        x range restricted to [4.00000 : 10.0000]
        #datapoints = 20
        residuals are weighted equally (unit weight)

function used for fitting: luft
fitted parameters initialized with current variable values



 Iteration 0
 WSSR        : 12.7522           delta(WSSR)/WSSR   : 0
 delta(WSSR) : 0                 limit for stopping : 1e-05
 lambda	  : 1

initial set of free parameter values

luft            = 1

After 4 iterations the fit converged.
final sum of squares of residuals : 2.60683e-06
rel. change during last iteration : -6.92096e-14

degrees of freedom    (FIT_NDF)                        : 19
rms of residuals      (FIT_STDFIT) = sqrt(WSSR/ndf)    : 0.000370408
variance of residuals (reduced chisquare) = WSSR/ndf   : 1.37202e-07

Final set of parameters            Asymptotic Standard Error
=======================            ==========================

luft            = 0.201494         +/- 8.283e-05    (0.04111%)


correlation matrix of the fit parameters:

               luft   
luft            1.000 


*******************************************************************************
Wed Jul 20 15:25:38 2016


FIT:    data read from 'Hilgenberg_-0.15.dat' u 2:3
        format = x:z
        x range restricted to [-5.00000 : 3.00000]
        #datapoints = 27
        residuals are weighted equally (unit weight)

function used for fitting: wasser
fitted parameters initialized with current variable values



 Iteration 0
 WSSR        : 23.2532           delta(WSSR)/WSSR   : 0
 delta(WSSR) : 0                 limit for stopping : 1e-05
 lambda	  : 1

initial set of free parameter values

wasser          = 1

After 4 iterations the fit converged.
final sum of squares of residuals : 7.99198e-07
rel. change during last iteration : -6.96854e-14

degrees of freedom    (FIT_NDF)                        : 26
rms of residuals      (FIT_STDFIT) = sqrt(WSSR/ndf)    : 0.000175324
variance of residuals (reduced chisquare) = WSSR/ndf   : 3.07384e-08

Final set of parameters            Asymptotic Standard Error
=======================            ==========================

wasser          = 0.0719764        +/- 3.374e-05    (0.04688%)


correlation matrix of the fit parameters:

               wasser 
wasser          1.000 


*******************************************************************************
Wed Jul 20 15:26:18 2016


FIT:    data read from 'Hilgenberg_-0.15.dat' u 2:3
        format = x:z
        x range restricted to [4.00000 : 10.0000]
        #datapoints = 20
        residuals are weighted equally (unit weight)

function used for fitting: luft
fitted parameters initialized with current variable values



 Iteration 0
 WSSR        : 2.60683e-06       delta(WSSR)/WSSR   : 0
 delta(WSSR) : 0                 limit for stopping : 1e-05
 lambda	  : 1

initial set of free parameter values

luft            = 0.201494

The maximum lambda = 1.000000e+20 was exceeded. Fit stopped.
final sum of squares of residuals : 2.60683e-06
rel. change during last iteration : 0

degrees of freedom    (FIT_NDF)                        : 19
rms of residuals      (FIT_STDFIT) = sqrt(WSSR/ndf)    : 0.000370408
variance of residuals (reduced chisquare) = WSSR/ndf   : 1.37202e-07

Final set of parameters            Asymptotic Standard Error
=======================            ==========================

luft            = 0.201494         +/- 8.283e-05    (0.04111%)


correlation matrix of the fit parameters:

               luft   
luft            1.000 


*******************************************************************************
Wed Jul 20 15:30:56 2016


FIT:    data read from 'Hilgenberg_-0.15.dat' u 2:3
        format = x:z
        x range restricted to [-5.00000 : 3.00000]
        #datapoints = 27
        residuals are weighted equally (unit weight)

function used for fitting: wasser
fitted parameters initialized with current variable values



 Iteration 0
 WSSR        : 7.99198e-07       delta(WSSR)/WSSR   : 0
 delta(WSSR) : 0                 limit for stopping : 1e-05
 lambda	  : 1

initial set of free parameter values

wasser          = 0.0719764

The maximum lambda = 1.000000e+20 was exceeded. Fit stopped.
final sum of squares of residuals : 7.99198e-07
rel. change during last iteration : 0

degrees of freedom    (FIT_NDF)                        : 26
rms of residuals      (FIT_STDFIT) = sqrt(WSSR/ndf)    : 0.000175324
variance of residuals (reduced chisquare) = WSSR/ndf   : 3.07384e-08

Final set of parameters            Asymptotic Standard Error
=======================            ==========================

wasser          = 0.0719764        +/- 3.374e-05    (0.04688%)


correlation matrix of the fit parameters:

               wasser 
wasser          1.000 


*******************************************************************************
Wed Jul 20 15:31:15 2016


FIT:    data read from 'Hilgenberg_-0.15.dat' u 2:3
        format = x:z
        x range restricted to [4.00000 : 10.0000]
        #datapoints = 20
        residuals are weighted equally (unit weight)

function used for fitting: luft
fitted parameters initialized with current variable values



 Iteration 0
 WSSR        : 2.61984e-06       delta(WSSR)/WSSR   : 0
 delta(WSSR) : 0                 limit for stopping : 1e-05
 lambda	  : 1

initial set of free parameter values

luft            = 0.201469

After 3 iterations the fit converged.
final sum of squares of residuals : 2.60683e-06
rel. change during last iteration : -2.82509e-12

degrees of freedom    (FIT_NDF)                        : 19
rms of residuals      (FIT_STDFIT) = sqrt(WSSR/ndf)    : 0.000370408
variance of residuals (reduced chisquare) = WSSR/ndf   : 1.37202e-07

Final set of parameters            Asymptotic Standard Error
=======================            ==========================

luft            = 0.201494         +/- 8.283e-05    (0.04111%)


correlation matrix of the fit parameters:

               luft   
luft            1.000 


*******************************************************************************
Wed Jul 20 15:31:15 2016


FIT:    data read from 'Hilgenberg_-0.15.dat' u 2:3
        format = x:z
        x range restricted to [-5.00000 : 3.00000]
        #datapoints = 27
        residuals are weighted equally (unit weight)

function used for fitting: wasser
fitted parameters initialized with current variable values



 Iteration 0
 WSSR        : 7.99232e-07       delta(WSSR)/WSSR   : 0
 delta(WSSR) : 0                 limit for stopping : 1e-05
 lambda	  : 1

initial set of free parameter values

wasser          = 0.0719775

After 2 iterations the fit converged.
final sum of squares of residuals : 7.99198e-07
rel. change during last iteration : -5.36973e-08

degrees of freedom    (FIT_NDF)                        : 26
rms of residuals      (FIT_STDFIT) = sqrt(WSSR/ndf)    : 0.000175324
variance of residuals (reduced chisquare) = WSSR/ndf   : 3.07384e-08

Final set of parameters            Asymptotic Standard Error
=======================            ==========================

wasser          = 0.0719764        +/- 3.374e-05    (0.04688%)


correlation matrix of the fit parameters:

               wasser 
wasser          1.000 


*******************************************************************************
Wed Jul 20 15:31:56 2016


FIT:    data read from 'Hilgenberg_-0.15.dat' u 2:3
        format = x:z
        x range restricted to [4.00000 : 10.0000]
        #datapoints = 20
        residuals are weighted equally (unit weight)

function used for fitting: luft
fitted parameters initialized with current variable values



 Iteration 0
 WSSR        : 2.61984e-06       delta(WSSR)/WSSR   : 0
 delta(WSSR) : 0                 limit for stopping : 1e-05
 lambda	  : 1

initial set of free parameter values

luft            = 0.201469

After 3 iterations the fit converged.
final sum of squares of residuals : 2.60683e-06
rel. change during last iteration : -2.82509e-12

degrees of freedom    (FIT_NDF)                        : 19
rms of residuals      (FIT_STDFIT) = sqrt(WSSR/ndf)    : 0.000370408
variance of residuals (reduced chisquare) = WSSR/ndf   : 1.37202e-07

Final set of parameters            Asymptotic Standard Error
=======================            ==========================

luft            = 0.201494         +/- 8.283e-05    (0.04111%)


correlation matrix of the fit parameters:

               luft   
luft            1.000 


*******************************************************************************
Wed Jul 20 15:31:56 2016


FIT:    data read from 'Hilgenberg_-0.15.dat' u 2:3
        format = x:z
        x range restricted to [-5.00000 : 3.00000]
        #datapoints = 27
        residuals are weighted equally (unit weight)

function used for fitting: wasser
fitted parameters initialized with current variable values



 Iteration 0
 WSSR        : 7.99232e-07       delta(WSSR)/WSSR   : 0
 delta(WSSR) : 0                 limit for stopping : 1e-05
 lambda	  : 1

initial set of free parameter values

wasser          = 0.0719775

After 2 iterations the fit converged.
final sum of squares of residuals : 7.99198e-07
rel. change during last iteration : -5.36973e-08

degrees of freedom    (FIT_NDF)                        : 26
rms of residuals      (FIT_STDFIT) = sqrt(WSSR/ndf)    : 0.000175324
variance of residuals (reduced chisquare) = WSSR/ndf   : 3.07384e-08

Final set of parameters            Asymptotic Standard Error
=======================            ==========================

wasser          = 0.0719764        +/- 3.374e-05    (0.04688%)


correlation matrix of the fit parameters:

               wasser 
wasser          1.000 


*******************************************************************************
Wed Jul 20 15:32:11 2016


FIT:    data read from 'Hilgenberg_-0.15.dat' u 2:3
        format = x:z
        x range restricted to [4.00000 : 10.0000]
        #datapoints = 20
        residuals are weighted equally (unit weight)

function used for fitting: luft
fitted parameters initialized with current variable values



 Iteration 0
 WSSR        : 2.61984e-06       delta(WSSR)/WSSR   : 0
 delta(WSSR) : 0                 limit for stopping : 1e-05
 lambda	  : 1

initial set of free parameter values

luft            = 0.201469

After 3 iterations the fit converged.
final sum of squares of residuals : 2.60683e-06
rel. change during last iteration : -2.82509e-12

degrees of freedom    (FIT_NDF)                        : 19
rms of residuals      (FIT_STDFIT) = sqrt(WSSR/ndf)    : 0.000370408
variance of residuals (reduced chisquare) = WSSR/ndf   : 1.37202e-07

Final set of parameters            Asymptotic Standard Error
=======================            ==========================

luft            = 0.201494         +/- 8.283e-05    (0.04111%)


correlation matrix of the fit parameters:

               luft   
luft            1.000 


*******************************************************************************
Wed Jul 20 15:32:11 2016


FIT:    data read from 'Hilgenberg_-0.15.dat' u 2:3
        format = x:z
        x range restricted to [-5.00000 : 3.00000]
        #datapoints = 27
        residuals are weighted equally (unit weight)

function used for fitting: wasser
fitted parameters initialized with current variable values



 Iteration 0
 WSSR        : 7.99232e-07       delta(WSSR)/WSSR   : 0
 delta(WSSR) : 0                 limit for stopping : 1e-05
 lambda	  : 1

initial set of free parameter values

wasser          = 0.0719775

After 2 iterations the fit converged.
final sum of squares of residuals : 7.99198e-07
rel. change during last iteration : -5.36973e-08

degrees of freedom    (FIT_NDF)                        : 26
rms of residuals      (FIT_STDFIT) = sqrt(WSSR/ndf)    : 0.000175324
variance of residuals (reduced chisquare) = WSSR/ndf   : 3.07384e-08

Final set of parameters            Asymptotic Standard Error
=======================            ==========================

wasser          = 0.0719764        +/- 3.374e-05    (0.04688%)


correlation matrix of the fit parameters:

               wasser 
wasser          1.000 


*******************************************************************************
Wed Jul 20 15:32:37 2016


FIT:    data read from 'Hilgenberg_-0.15.dat' u 2:3
        format = x:z
        x range restricted to [4.00000 : 10.0000]
        #datapoints = 20
        residuals are weighted equally (unit weight)

function used for fitting: luft
fitted parameters initialized with current variable values



 Iteration 0
 WSSR        : 2.61984e-06       delta(WSSR)/WSSR   : 0
 delta(WSSR) : 0                 limit for stopping : 1e-05
 lambda	  : 1

initial set of free parameter values

luft            = 0.201469

After 3 iterations the fit converged.
final sum of squares of residuals : 2.60683e-06
rel. change during last iteration : -2.82509e-12

degrees of freedom    (FIT_NDF)                        : 19
rms of residuals      (FIT_STDFIT) = sqrt(WSSR/ndf)    : 0.000370408
variance of residuals (reduced chisquare) = WSSR/ndf   : 1.37202e-07

Final set of parameters            Asymptotic Standard Error
=======================            ==========================

luft            = 0.201494         +/- 8.283e-05    (0.04111%)


correlation matrix of the fit parameters:

               luft   
luft            1.000 


*******************************************************************************
Wed Jul 20 15:32:37 2016


FIT:    data read from 'Hilgenberg_-0.15.dat' u 2:3
        format = x:z
        x range restricted to [-5.00000 : 3.00000]
        #datapoints = 27
        residuals are weighted equally (unit weight)

function used for fitting: wasser
fitted parameters initialized with current variable values



 Iteration 0
 WSSR        : 7.99232e-07       delta(WSSR)/WSSR   : 0
 delta(WSSR) : 0                 limit for stopping : 1e-05
 lambda	  : 1

initial set of free parameter values

wasser          = 0.0719775

After 2 iterations the fit converged.
final sum of squares of residuals : 7.99198e-07
rel. change during last iteration : -5.36973e-08

degrees of freedom    (FIT_NDF)                        : 26
rms of residuals      (FIT_STDFIT) = sqrt(WSSR/ndf)    : 0.000175324
variance of residuals (reduced chisquare) = WSSR/ndf   : 3.07384e-08

Final set of parameters            Asymptotic Standard Error
=======================            ==========================

wasser          = 0.0719764        +/- 3.374e-05    (0.04688%)


correlation matrix of the fit parameters:

               wasser 
wasser          1.000 


*******************************************************************************
Wed Jul 20 15:38:03 2016


FIT:    data read from 'Hilgenberg_-0.15.dat' u 2:3
        format = x:z
        x range restricted to [4.00000 : 10.0000]
        #datapoints = 20
        residuals are weighted equally (unit weight)

function used for fitting: luft
fitted parameters initialized with current variable values



 Iteration 0
 WSSR        : 2.60683e-06       delta(WSSR)/WSSR   : 0
 delta(WSSR) : 0                 limit for stopping : 1e-05
 lambda	  : 1

initial set of free parameter values

luft            = 0.201494

After 1 iterations the fit converged.
final sum of squares of residuals : 2.60683e-06
rel. change during last iteration : -4.87392e-16

degrees of freedom    (FIT_NDF)                        : 19
rms of residuals      (FIT_STDFIT) = sqrt(WSSR/ndf)    : 0.000370408
variance of residuals (reduced chisquare) = WSSR/ndf   : 1.37202e-07

Final set of parameters            Asymptotic Standard Error
=======================            ==========================

luft            = 0.201494         +/- 8.283e-05    (0.04111%)


correlation matrix of the fit parameters:

               luft   
luft            1.000 


*******************************************************************************
Wed Jul 20 15:47:10 2016


FIT:    data read from 'Hilgenberg_-0.15.dat' u 2:3
        format = x:z
        x range restricted to [4.00000 : 10.0000]
        #datapoints = 20
        residuals are weighted equally (unit weight)

function used for fitting: luft
fitted parameters initialized with current variable values



 Iteration 0
 WSSR        : 2.61984e-06       delta(WSSR)/WSSR   : 0
 delta(WSSR) : 0                 limit for stopping : 1e-05
 lambda	  : 1

initial set of free parameter values

luft            = 0.201469

After 3 iterations the fit converged.
final sum of squares of residuals : 2.60683e-06
rel. change during last iteration : -2.82509e-12

degrees of freedom    (FIT_NDF)                        : 19
rms of residuals      (FIT_STDFIT) = sqrt(WSSR/ndf)    : 0.000370408
variance of residuals (reduced chisquare) = WSSR/ndf   : 1.37202e-07

Final set of parameters            Asymptotic Standard Error
=======================            ==========================

luft            = 0.201494         +/- 8.283e-05    (0.04111%)


correlation matrix of the fit parameters:

               luft   
luft            1.000 


*******************************************************************************
Wed Jul 20 15:47:10 2016


FIT:    data read from 'Hilgenberg_-0.15.dat' u 2:3
        format = x:z
        x range restricted to [-5.00000 : 3.00000]
        #datapoints = 27
        residuals are weighted equally (unit weight)

function used for fitting: wasser
fitted parameters initialized with current variable values



 Iteration 0
 WSSR        : 7.99232e-07       delta(WSSR)/WSSR   : 0
 delta(WSSR) : 0                 limit for stopping : 1e-05
 lambda	  : 1

initial set of free parameter values

wasser          = 0.0719775

After 2 iterations the fit converged.
final sum of squares of residuals : 7.99198e-07
rel. change during last iteration : -5.36973e-08

degrees of freedom    (FIT_NDF)                        : 26
rms of residuals      (FIT_STDFIT) = sqrt(WSSR/ndf)    : 0.000175324
variance of residuals (reduced chisquare) = WSSR/ndf   : 3.07384e-08

Final set of parameters            Asymptotic Standard Error
=======================            ==========================

wasser          = 0.0719764        +/- 3.374e-05    (0.04688%)


correlation matrix of the fit parameters:

               wasser 
wasser          1.000 


*******************************************************************************
Wed Jul 20 15:48:55 2016


FIT:    data read from 'Hilgenberg_-0.15.dat' u 2:3
        format = x:z
        x range restricted to [4.00000 : 10.0000]
        #datapoints = 20
        residuals are weighted equally (unit weight)

function used for fitting: luft
fitted parameters initialized with current variable values



 Iteration 0
 WSSR        : 2.61984e-06       delta(WSSR)/WSSR   : 0
 delta(WSSR) : 0                 limit for stopping : 1e-05
 lambda	  : 1

initial set of free parameter values

luft            = 0.201469

After 3 iterations the fit converged.
final sum of squares of residuals : 2.60683e-06
rel. change during last iteration : -2.82509e-12

degrees of freedom    (FIT_NDF)                        : 19
rms of residuals      (FIT_STDFIT) = sqrt(WSSR/ndf)    : 0.000370408
variance of residuals (reduced chisquare) = WSSR/ndf   : 1.37202e-07

Final set of parameters            Asymptotic Standard Error
=======================            ==========================

luft            = 0.201494         +/- 8.283e-05    (0.04111%)


correlation matrix of the fit parameters:

               luft   
luft            1.000 


*******************************************************************************
Wed Jul 20 15:48:55 2016


FIT:    data read from 'Hilgenberg_-0.15.dat' u 2:3
        format = x:z
        x range restricted to [-5.00000 : 3.00000]
        #datapoints = 27
        residuals are weighted equally (unit weight)

function used for fitting: wasser
fitted parameters initialized with current variable values



 Iteration 0
 WSSR        : 7.99232e-07       delta(WSSR)/WSSR   : 0
 delta(WSSR) : 0                 limit for stopping : 1e-05
 lambda	  : 1

initial set of free parameter values

wasser          = 0.0719775

After 2 iterations the fit converged.
final sum of squares of residuals : 7.99198e-07
rel. change during last iteration : -5.36973e-08

degrees of freedom    (FIT_NDF)                        : 26
rms of residuals      (FIT_STDFIT) = sqrt(WSSR/ndf)    : 0.000175324
variance of residuals (reduced chisquare) = WSSR/ndf   : 3.07384e-08

Final set of parameters            Asymptotic Standard Error
=======================            ==========================

wasser          = 0.0719764        +/- 3.374e-05    (0.04688%)


correlation matrix of the fit parameters:

               wasser 
wasser          1.000 


*******************************************************************************
Wed Jul 20 15:50:16 2016


FIT:    data read from 'Hilgenberg_-0.15.dat' u 2:3
        format = x:z
        x range restricted to [4.00000 : 10.0000]
        #datapoints = 20
        residuals are weighted equally (unit weight)

function used for fitting: luft
fitted parameters initialized with current variable values



 Iteration 0
 WSSR        : 2.61984e-06       delta(WSSR)/WSSR   : 0
 delta(WSSR) : 0                 limit for stopping : 1e-05
 lambda	  : 1

initial set of free parameter values

luft            = 0.201469

After 3 iterations the fit converged.
final sum of squares of residuals : 2.60683e-06
rel. change during last iteration : -2.82509e-12

degrees of freedom    (FIT_NDF)                        : 19
rms of residuals      (FIT_STDFIT) = sqrt(WSSR/ndf)    : 0.000370408
variance of residuals (reduced chisquare) = WSSR/ndf   : 1.37202e-07

Final set of parameters            Asymptotic Standard Error
=======================            ==========================

luft            = 0.201494         +/- 8.283e-05    (0.04111%)


correlation matrix of the fit parameters:

               luft   
luft            1.000 


*******************************************************************************
Wed Jul 20 15:50:16 2016


FIT:    data read from 'Hilgenberg_-0.15.dat' u 2:3
        format = x:z
        x range restricted to [-5.00000 : 3.00000]
        #datapoints = 27
        residuals are weighted equally (unit weight)

function used for fitting: wasser
fitted parameters initialized with current variable values



 Iteration 0
 WSSR        : 7.99232e-07       delta(WSSR)/WSSR   : 0
 delta(WSSR) : 0                 limit for stopping : 1e-05
 lambda	  : 1

initial set of free parameter values

wasser          = 0.0719775

After 2 iterations the fit converged.
final sum of squares of residuals : 7.99198e-07
rel. change during last iteration : -5.36973e-08

degrees of freedom    (FIT_NDF)                        : 26
rms of residuals      (FIT_STDFIT) = sqrt(WSSR/ndf)    : 0.000175324
variance of residuals (reduced chisquare) = WSSR/ndf   : 3.07384e-08

Final set of parameters            Asymptotic Standard Error
=======================            ==========================

wasser          = 0.0719764        +/- 3.374e-05    (0.04688%)


correlation matrix of the fit parameters:

               wasser 
wasser          1.000 


*******************************************************************************
Wed Jul 27 17:45:53 2016


FIT:    data read from 'Hilgenberg_-0.15.dat' u 2:3
        format = x:z
        x range restricted to [4.00000 : 10.0000]
        #datapoints = 20
        residuals are weighted equally (unit weight)

function used for fitting: luft
fitted parameters initialized with current variable values



 Iteration 0
 WSSR        : 2.61984e-06       delta(WSSR)/WSSR   : 0
 delta(WSSR) : 0                 limit for stopping : 1e-05
 lambda	  : 1

initial set of free parameter values

luft            = 0.201469

After 3 iterations the fit converged.
final sum of squares of residuals : 2.60683e-06
rel. change during last iteration : -2.82509e-12

degrees of freedom    (FIT_NDF)                        : 19
rms of residuals      (FIT_STDFIT) = sqrt(WSSR/ndf)    : 0.000370408
variance of residuals (reduced chisquare) = WSSR/ndf   : 1.37202e-07

Final set of parameters            Asymptotic Standard Error
=======================            ==========================

luft            = 0.201494         +/- 8.283e-05    (0.04111%)


correlation matrix of the fit parameters:

               luft   
luft            1.000 


*******************************************************************************
Wed Jul 27 17:45:53 2016


FIT:    data read from 'Hilgenberg_-0.15.dat' u 2:3
        format = x:z
        x range restricted to [-5.00000 : 3.00000]
        #datapoints = 27
        residuals are weighted equally (unit weight)

function used for fitting: wasser
fitted parameters initialized with current variable values



 Iteration 0
 WSSR        : 7.99232e-07       delta(WSSR)/WSSR   : 0
 delta(WSSR) : 0                 limit for stopping : 1e-05
 lambda	  : 1

initial set of free parameter values

wasser          = 0.0719775

After 2 iterations the fit converged.
final sum of squares of residuals : 7.99198e-07
rel. change during last iteration : -5.36973e-08

degrees of freedom    (FIT_NDF)                        : 26
rms of residuals      (FIT_STDFIT) = sqrt(WSSR/ndf)    : 0.000175324
variance of residuals (reduced chisquare) = WSSR/ndf   : 3.07384e-08

Final set of parameters            Asymptotic Standard Error
=======================            ==========================

wasser          = 0.0719764        +/- 3.374e-05    (0.04688%)


correlation matrix of the fit parameters:

               wasser 
wasser          1.000 


*******************************************************************************
Wed Jul 27 17:46:25 2016


FIT:    data read from 'Hilgenberg_-0.15.dat' u 2:3
        format = x:z
        x range restricted to [4.00000 : 10.0000]
        #datapoints = 20
        residuals are weighted equally (unit weight)

function used for fitting: luft
fitted parameters initialized with current variable values



 Iteration 0
 WSSR        : 2.61984e-06       delta(WSSR)/WSSR   : 0
 delta(WSSR) : 0                 limit for stopping : 1e-05
 lambda	  : 1

initial set of free parameter values

luft            = 0.201469

After 3 iterations the fit converged.
final sum of squares of residuals : 2.60683e-06
rel. change during last iteration : -2.82509e-12

degrees of freedom    (FIT_NDF)                        : 19
rms of residuals      (FIT_STDFIT) = sqrt(WSSR/ndf)    : 0.000370408
variance of residuals (reduced chisquare) = WSSR/ndf   : 1.37202e-07

Final set of parameters            Asymptotic Standard Error
=======================            ==========================

luft            = 0.201494         +/- 8.283e-05    (0.04111%)


correlation matrix of the fit parameters:

               luft   
luft            1.000 


*******************************************************************************
Wed Jul 27 17:46:25 2016


FIT:    data read from 'Hilgenberg_-0.15.dat' u 2:3
        format = x:z
        x range restricted to [-5.00000 : 3.00000]
        #datapoints = 27
        residuals are weighted equally (unit weight)

function used for fitting: wasser
fitted parameters initialized with current variable values



 Iteration 0
 WSSR        : 7.99232e-07       delta(WSSR)/WSSR   : 0
 delta(WSSR) : 0                 limit for stopping : 1e-05
 lambda	  : 1

initial set of free parameter values

wasser          = 0.0719775

After 2 iterations the fit converged.
final sum of squares of residuals : 7.99198e-07
rel. change during last iteration : -5.36973e-08

degrees of freedom    (FIT_NDF)                        : 26
rms of residuals      (FIT_STDFIT) = sqrt(WSSR/ndf)    : 0.000175324
variance of residuals (reduced chisquare) = WSSR/ndf   : 3.07384e-08

Final set of parameters            Asymptotic Standard Error
=======================            ==========================

wasser          = 0.0719764        +/- 3.374e-05    (0.04688%)


correlation matrix of the fit parameters:

               wasser 
wasser          1.000 


*******************************************************************************
Wed Sep  7 09:27:03 2016


FIT:    data read from 'Hilgenberg_-0.15.dat' u 2:3
        format = x:z
        x range restricted to [4.00000 : 10.0000]
        #datapoints = 20
        residuals are weighted equally (unit weight)

function used for fitting: luft
fitted parameters initialized with current variable values



 Iteration 0
 WSSR        : 2.61984e-06       delta(WSSR)/WSSR   : 0
 delta(WSSR) : 0                 limit for stopping : 1e-05
 lambda	  : 1

initial set of free parameter values

luft            = 0.201469

After 3 iterations the fit converged.
final sum of squares of residuals : 2.60683e-06
rel. change during last iteration : -2.82509e-12

degrees of freedom    (FIT_NDF)                        : 19
rms of residuals      (FIT_STDFIT) = sqrt(WSSR/ndf)    : 0.000370408
variance of residuals (reduced chisquare) = WSSR/ndf   : 1.37202e-07

Final set of parameters            Asymptotic Standard Error
=======================            ==========================

luft            = 0.201494         +/- 8.283e-05    (0.04111%)


correlation matrix of the fit parameters:

               luft   
luft            1.000 


*******************************************************************************
Wed Sep  7 09:27:03 2016


FIT:    data read from 'Hilgenberg_-0.15.dat' u 2:3
        format = x:z
        x range restricted to [-5.00000 : 3.00000]
        #datapoints = 27
        residuals are weighted equally (unit weight)

function used for fitting: wasser
fitted parameters initialized with current variable values



 Iteration 0
 WSSR        : 7.99232e-07       delta(WSSR)/WSSR   : 0
 delta(WSSR) : 0                 limit for stopping : 1e-05
 lambda	  : 1

initial set of free parameter values

wasser          = 0.0719775

After 2 iterations the fit converged.
final sum of squares of residuals : 7.99198e-07
rel. change during last iteration : -5.36973e-08

degrees of freedom    (FIT_NDF)                        : 26
rms of residuals      (FIT_STDFIT) = sqrt(WSSR/ndf)    : 0.000175324
variance of residuals (reduced chisquare) = WSSR/ndf   : 3.07384e-08

Final set of parameters            Asymptotic Standard Error
=======================            ==========================

wasser          = 0.0719764        +/- 3.374e-05    (0.04688%)


correlation matrix of the fit parameters:

               wasser 
wasser          1.000 


*******************************************************************************
Wed Sep  7 09:28:51 2016


FIT:    data read from 'Hilgenberg_-0.15.dat' u 2:3
        format = x:z
        x range restricted to [4.00000 : 10.0000]
        #datapoints = 20
        residuals are weighted equally (unit weight)

function used for fitting: luft
fitted parameters initialized with current variable values



 Iteration 0
 WSSR        : 2.61984e-06       delta(WSSR)/WSSR   : 0
 delta(WSSR) : 0                 limit for stopping : 1e-05
 lambda	  : 1

initial set of free parameter values

luft            = 0.201469

After 3 iterations the fit converged.
final sum of squares of residuals : 2.60683e-06
rel. change during last iteration : -2.82509e-12

degrees of freedom    (FIT_NDF)                        : 19
rms of residuals      (FIT_STDFIT) = sqrt(WSSR/ndf)    : 0.000370408
variance of residuals (reduced chisquare) = WSSR/ndf   : 1.37202e-07

Final set of parameters            Asymptotic Standard Error
=======================            ==========================

luft            = 0.201494         +/- 8.283e-05    (0.04111%)


correlation matrix of the fit parameters:

               luft   
luft            1.000 


*******************************************************************************
Wed Sep  7 09:28:51 2016


FIT:    data read from 'Hilgenberg_-0.15.dat' u 2:3
        format = x:z
        x range restricted to [-5.00000 : 3.00000]
        #datapoints = 27
        residuals are weighted equally (unit weight)

function used for fitting: wasser
fitted parameters initialized with current variable values



 Iteration 0
 WSSR        : 7.99232e-07       delta(WSSR)/WSSR   : 0
 delta(WSSR) : 0                 limit for stopping : 1e-05
 lambda	  : 1

initial set of free parameter values

wasser          = 0.0719775

After 2 iterations the fit converged.
final sum of squares of residuals : 7.99198e-07
rel. change during last iteration : -5.36973e-08

degrees of freedom    (FIT_NDF)                        : 26
rms of residuals      (FIT_STDFIT) = sqrt(WSSR/ndf)    : 0.000175324
variance of residuals (reduced chisquare) = WSSR/ndf   : 3.07384e-08

Final set of parameters            Asymptotic Standard Error
=======================            ==========================

wasser          = 0.0719764        +/- 3.374e-05    (0.04688%)


correlation matrix of the fit parameters:

               wasser 
wasser          1.000 
